{
  "epoch": 1,
  "train": {
    "epoch": 1,
    "loss": 0.021791967484405487,
    "psnr": 32.39992553366106,
    "ssim": null,
    "lr": 9.994970367373847e-05,
    "loss_y": 0.03393670535609547,
    "loss_uv": 0.009647229565360115,
    "psnr_y": 26.271574052713685,
    "psnr_uv": 38.52827718702413,
    "ssim_y": null,
    "ssim_uv": null
  },
  "val": null,
  "validation_ran": false,
  "best_psnr": null,
  "latest_checkpoint": "outputs\\low_res_joint_y_head_v2_bs8_vb1_nw4\\latest.pt"
}
{
  "epoch": 2,
  "train": {
    "epoch": 2,
    "loss": 0.018279086366969313,
    "psnr": 34.61509833901616,
    "ssim": null,
    "lr": 9.979891598506199e-05,
    "loss_y": 0.03137856160979823,
    "loss_uv": 0.005179611214904883,
    "psnr_y": 26.84991057444427,
    "psnr_uv": 42.38028604970813,
    "ssim_y": null,
    "ssim_uv": null
  },
  "val": null,
  "validation_ran": false,
  "best_psnr": null,
  "latest_checkpoint": "outputs\\low_res_joint_y_head_v2_bs8_vb1_nw4\\latest.pt"
}
{
  "epoch": 3,
  "train": {
    "epoch": 3,
    "loss": 0.01776201247979524,
    "psnr": 35.131786594283106,
    "ssim": null,
    "lr": 9.954794060030813e-05,
    "loss_y": 0.030570373791506737,
    "loss_uv": 0.00495365117334545,
    "psnr_y": 27.196334914299054,
    "psnr_uv": 43.06723811262745,
    "ssim_y": null,
    "ssim_uv": null
  },
  "val": null,
  "validation_ran": false,
  "best_psnr": null,
  "latest_checkpoint": "outputs\\low_res_joint_y_head_v2_bs8_vb1_nw4\\latest.pt"
}
{
  "epoch": 4,
  "train": {
    "epoch": 4,
    "loss": 0.017381110949452314,
    "psnr": 35.256602971567276,
    "ssim": null,
    "lr": 9.919728295050139e-05,
    "loss_y": 0.029912684133834085,
    "loss_uv": 0.004849537740077424,
    "psnr_y": 27.299480804615776,
    "psnr_uv": 43.21372516007073,
    "ssim_y": null,
    "ssim_uv": null
  },
  "val": null,
  "validation_ran": false,
  "best_psnr": null,
  "latest_checkpoint": "outputs\\low_res_joint_y_head_v2_bs8_vb1_nw4\\latest.pt"
}
{
  "epoch": 5,
  "train": {
    "epoch": 5,
    "loss": 0.017046686898559163,
    "psnr": 35.43996005947307,
    "ssim": null,
    "lr": 9.874764921348197e-05,
    "loss_y": 0.029227473231106155,
    "loss_uv": 0.004865900502871659,
    "psnr_y": 27.62647122313074,
    "psnr_uv": 43.25344868029578,
    "ssim_y": null,
    "ssim_uv": null
  },
  "val": null,
  "validation_ran": false,
  "best_psnr": null,
  "latest_checkpoint": "outputs\\low_res_joint_y_head_v2_bs8_vb1_nw4\\latest.pt"
}
{
  "epoch": 6,
  "train": {
    "epoch": 6,
    "loss": 0.01690133360061942,
    "psnr": 35.3927600666628,
    "ssim": null,
    "lr": 9.819994489175783e-05,
    "loss_y": 0.028984844432038775,
    "loss_uv": 0.004817822825763438,
    "psnr_y": 27.5851536443678,
    "psnr_uv": 43.20036632731809,
    "ssim_y": null,
    "ssim_uv": null
  },
  "val": null,
  "validation_ran": false,
  "best_psnr": null,
  "latest_checkpoint": "outputs\\low_res_joint_y_head_v2_bs8_vb1_nw4\\latest.pt"
}
{
  "epoch": 7,
  "train": {
    "epoch": 7,
    "loss": 0.016620979781162604,
    "psnr": 35.555011275124414,
    "ssim": null,
    "lr": 9.75552729889429e-05,
    "loss_y": 0.028462550071420643,
    "loss_uv": 0.004779409597454183,
    "psnr_y": 27.739092530503786,
    "psnr_uv": 43.370929911985236,
    "ssim_y": null,
    "ssim_uv": null
  },
  "val": null,
  "validation_ran": false,
  "best_psnr": null,
  "latest_checkpoint": "outputs\\low_res_joint_y_head_v2_bs8_vb1_nw4\\latest.pt"
}
{
  "epoch": 8,
  "train": {
    "epoch": 8,
    "loss": 0.016380783149414817,
    "psnr": 35.71357270149188,
    "ssim": null,
    "lr": 9.681493178845486e-05,
    "loss_y": 0.028108246129869067,
    "loss_uv": 0.0046533200137401365,
    "psnr_y": 27.820870577278782,
    "psnr_uv": 43.60627455630545,
    "ssim_y": null,
    "ssim_uv": null
  },
  "val": null,
  "validation_ran": false,
  "best_psnr": null,
  "latest_checkpoint": "outputs\\low_res_joint_y_head_v2_bs8_vb1_nw4\\latest.pt"
}
{
  "epoch": 9,
  "train": {
    "epoch": 9,
    "loss": 0.015980177869399387,
    "psnr": 36.01933771338167,
    "ssim": null,
    "lr": 9.598041223894491e-05,
    "loss_y": 0.027566111651854325,
    "loss_uv": 0.004394244025119364,
    "psnr_y": 27.94844364446435,
    "psnr_uv": 44.09023162065926,
    "ssim_y": null,
    "ssim_uv": null
  },
  "val": null,
  "validation_ran": false,
  "best_psnr": null,
  "latest_checkpoint": "outputs\\low_res_joint_y_head_v2_bs8_vb1_nw4\\latest.pt"
}
{
  "epoch": 10,
  "train": {
    "epoch": 10,
    "loss": 0.01615897834427276,
    "psnr": 36.035303988699184,
    "ssim": null,
    "lr": 9.505339495172584e-05,
    "loss_y": 0.02794630728704108,
    "loss_uv": 0.004371649417289569,
    "psnr_y": 27.869765276289257,
    "psnr_uv": 44.20084307826845,
    "ssim_y": null,
    "ssim_uv": null
  },
  "val": {
    "epoch": 10,
    "loss": 0.014574357812913755,
    "psnr": 36.61514717737834,
    "ssim": null,
    "lr": 0.0,
    "loss_y": 0.02585592615004215,
    "loss_uv": 0.003292789490013901,
    "psnr_y": 27.600107828776043,
    "psnr_uv": 45.630186314053006,
    "ssim_y": null,
    "ssim_uv": null
  },
  "validation_ran": true,
  "best_psnr": 36.61514717737834,
  "latest_checkpoint": "outputs\\low_res_joint_y_head_v2_bs8_vb1_nw4\\latest.pt"
}
{
  "epoch": 11,
  "train": {
    "epoch": 11,
    "loss": 0.01602792914556918,
    "psnr": 36.16727308499611,
    "ssim": null,
    "lr": 9.403574681624405e-05,
    "loss_y": 0.02784768956592359,
    "loss_uv": 0.0042081686383965665,
    "psnr_y": 27.90227982688085,
    "psnr_uv": 44.432266472423144,
    "ssim_y": null,
    "ssim_uv": null
  },
  "val": null,
  "validation_ran": false,
  "best_psnr": 36.61514717737834,
  "latest_checkpoint": "outputs\\low_res_joint_y_head_v2_bs8_vb1_nw4\\latest.pt"
}
{
  "epoch": 12,
  "train": {
    "epoch": 12,
    "loss": 0.016132034687588444,
    "psnr": 36.16387969625872,
    "ssim": null,
    "lr": 9.292951724041322e-05,
    "loss_y": 0.028006741461359848,
    "loss_uv": 0.004257327925655885,
    "psnr_y": 27.883229745983403,
    "psnr_uv": 44.444529280150675,
    "ssim_y": null,
    "ssim_uv": null
  },
  "val": null,
  "validation_ran": false,
  "best_psnr": 36.61514717737834,
  "latest_checkpoint": "outputs\\low_res_joint_y_head_v2_bs8_vb1_nw4\\latest.pt"
}
{
  "epoch": 13,
  "train": {
    "epoch": 13,
    "loss": 0.016192868325627795,
    "psnr": 36.231412014718785,
    "ssim": null,
    "lr": 9.173693402337907e-05,
    "loss_y": 0.02822476576508607,
    "loss_uv": 0.0041609709308940476,
    "psnr_y": 27.807170070497328,
    "psnr_uv": 44.655653958940235,
    "ssim_y": null,
    "ssim_uv": null
  },
  "val": null,
  "validation_ran": false,
  "best_psnr": 36.61514717737834,
  "latest_checkpoint": "outputs\\low_res_joint_y_head_v2_bs8_vb1_nw4\\latest.pt"
}
{
  "epoch": 14,
  "train": {
    "epoch": 14,
    "loss": 0.016144302963031886,
    "psnr": 36.24496177630236,
    "ssim": null,
    "lr": 9.046039886902861e-05,
    "loss_y": 0.02816357778248477,
    "loss_uv": 0.004125028115955029,
    "psnr_y": 27.805415546826723,
    "psnr_uv": 44.68450817819369,
    "ssim_y": null,
    "ssim_uv": null
  },
  "val": null,
  "validation_ran": false,
  "best_psnr": 36.61514717737834,
  "latest_checkpoint": "outputs\\low_res_joint_y_head_v2_bs8_vb1_nw4\\latest.pt"
}
{
  "epoch": 15,
  "train": {
    "epoch": 15,
    "loss": 0.0159173416563094,
    "psnr": 36.35970485277769,
    "ssim": null,
    "lr": 8.910248254927811e-05,
    "loss_y": 0.02777895140908869,
    "loss_uv": 0.004055731864067289,
    "psnr_y": 27.900523137238068,
    "psnr_uv": 44.818886773060946,
    "ssim_y": null,
    "ssim_uv": null
  },
  "val": null,
  "validation_ran": false,
  "best_psnr": 36.61514717737834,
  "latest_checkpoint": "outputs\\low_res_joint_y_head_v2_bs8_vb1_nw4\\latest.pt"
}
{
  "epoch": 16,
  "train": {
    "epoch": 16,
    "loss": 0.015809854008467857,
    "psnr": 36.49067825920838,
    "ssim": null,
    "lr": 8.766591972688045e-05,
    "loss_y": 0.027632010048307943,
    "loss_uv": 0.003987697946265508,
    "psnr_y": 27.95126867563711,
    "psnr_uv": 45.0300875302762,
    "ssim_y": null,
    "ssim_uv": null
  },
  "val": null,
  "validation_ran": false,
  "best_psnr": 36.61514717737834,
  "latest_checkpoint": "outputs\\low_res_joint_y_head_v2_bs8_vb1_nw4\\latest.pt"
}
{
  "epoch": 17,
  "train": {
    "epoch": 17,
    "loss": 0.015689810085515517,
    "psnr": 36.59832783068641,
    "ssim": null,
    "lr": 8.615360344817824e-05,
    "loss_y": 0.027453841431076917,
    "loss_uv": 0.003925778680759887,
    "psnr_y": 28.033792581935387,
    "psnr_uv": 45.162863176421254,
    "ssim_y": null,
    "ssim_uv": null
  },
  "val": null,
  "validation_ran": false,
  "best_psnr": 36.61514717737834,
  "latest_checkpoint": "outputs\\low_res_joint_y_head_v2_bs8_vb1_nw4\\latest.pt"
}
{
  "epoch": 18,
  "train": {
    "epoch": 18,
    "loss": 0.016037971323282368,
    "psnr": 36.394693902656854,
    "ssim": null,
    "lr": 8.45685793168939e-05,
    "loss_y": 0.028088725934931114,
    "loss_uv": 0.003987216685325075,
    "psnr_y": 27.786135743566824,
    "psnr_uv": 45.00325212640277,
    "ssim_y": null,
    "ssim_uv": null
  },
  "val": null,
  "validation_ran": false,
  "best_psnr": 36.61514717737834,
  "latest_checkpoint": "outputs\\low_res_joint_y_head_v2_bs8_vb1_nw4\\latest.pt"
}
{
  "epoch": 19,
  "train": {
    "epoch": 19,
    "loss": 0.015586030274882154,
    "psnr": 36.70791406146551,
    "ssim": null,
    "lr": 8.291403936068874e-05,
    "loss_y": 0.02736641969110838,
    "loss_uv": 0.0038056409244273007,
    "psnr_y": 28.05054527756858,
    "psnr_uv": 45.36528293157028,
    "ssim_y": null,
    "ssim_uv": null
  },
  "val": null,
  "validation_ran": false,
  "best_psnr": 36.61514717737834,
  "latest_checkpoint": "outputs\\low_res_joint_y_head_v2_bs8_vb1_nw4\\latest.pt"
}
{
  "epoch": 20,
  "train": {
    "epoch": 20,
    "loss": 0.015719215696056683,
    "psnr": 36.61283331402277,
    "ssim": null,
    "lr": 8.119331560284394e-05,
    "loss_y": 0.027617418801801352,
    "loss_uv": 0.0038210125561109034,
    "psnr_y": 27.95423754460394,
    "psnr_uv": 45.27142909421759,
    "ssim_y": null,
    "ssim_uv": null
  },
  "val": {
    "epoch": 20,
    "loss": 0.014195691851071186,
    "psnr": 37.08429848353068,
    "ssim": null,
    "lr": 0.0,
    "loss_y": 0.025384585973289277,
    "loss_uv": 0.0030067976978090075,
    "psnr_y": 27.747555425431994,
    "psnr_uv": 46.421041531032984,
    "ssim_y": null,
    "ssim_uv": null
  },
  "validation_ran": true,
  "best_psnr": 37.08429848353068,
  "latest_checkpoint": "outputs\\low_res_joint_y_head_v2_bs8_vb1_nw4\\latest.pt"
}
{
  "epoch": 21,
  "train": {
    "epoch": 21,
    "loss": 0.01580173833727163,
    "psnr": 36.630332321770446,
    "ssim": null,
    "lr": 7.940987335200921e-05,
    "loss_y": 0.02778361667221212,
    "loss_uv": 0.003819860006277423,
    "psnr_y": 27.942100223174876,
    "psnr_uv": 45.31856470054152,
    "ssim_y": null,
    "ssim_uv": null
  },
  "val": null,
  "validation_ran": false,
  "best_psnr": 37.08429848353068,
  "latest_checkpoint": "outputs\\low_res_joint_y_head_v2_bs8_vb1_nw4\\latest.pt"
}
{
  "epoch": 22,
  "train": {
    "epoch": 22,
    "loss": 0.01553472651347602,
    "psnr": 36.81659793314961,
    "ssim": null,
    "lr": 7.756730422353268e-05,
    "loss_y": 0.02730910337956275,
    "loss_uv": 0.0037603495724099338,
    "psnr_y": 28.111201895158842,
    "psnr_uv": 45.521993928036444,
    "ssim_y": null,
    "ssim_uv": null
  },
  "val": null,
  "validation_ran": false,
  "best_psnr": 37.08429848353068,
  "latest_checkpoint": "outputs\\low_res_joint_y_head_v2_bs8_vb1_nw4\\latest.pt"
}
{
  "epoch": 23,
  "train": {
    "epoch": 23,
    "loss": 0.015589300600948644,
    "psnr": 36.76060347907287,
    "ssim": null,
    "lr": 7.566931890642515e-05,
    "loss_y": 0.0274428769861911,
    "loss_uv": 0.0037357242880546944,
    "psnr_y": 28.032225765077406,
    "psnr_uv": 45.48898134393207,
    "ssim_y": null,
    "ssim_uv": null
  },
  "val": null,
  "validation_ran": false,
  "best_psnr": 37.08429848353068,
  "latest_checkpoint": "outputs\\low_res_joint_y_head_v2_bs8_vb1_nw4\\latest.pt"
}
{
  "epoch": 24,
  "train": {
    "epoch": 24,
    "loss": 0.015684077158401914,
    "psnr": 36.79409106841869,
    "ssim": null,
    "lr": 7.371973969052643e-05,
    "loss_y": 0.02762257543492452,
    "loss_uv": 0.0037455788305776434,
    "psnr_y": 28.015232334029204,
    "psnr_uv": 45.57294964116846,
    "ssim_y": null,
    "ssim_uv": null
  },
  "val": null,
  "validation_ran": false,
  "best_psnr": 37.08429848353068,
  "latest_checkpoint": "outputs\\low_res_joint_y_head_v2_bs8_vb1_nw4\\latest.pt"
}
{
  "epoch": 25,
  "train": {
    "epoch": 25,
    "loss": 0.015834578733870203,
    "psnr": 36.739672019656766,
    "ssim": null,
    "lr": 7.172249276892215e-05,
    "loss_y": 0.027937876029034792,
    "loss_uv": 0.0037312814900072786,
    "psnr_y": 27.90522178822318,
    "psnr_uv": 45.574122261866336,
    "ssim_y": null,
    "ssim_uv": null
  },
  "val": null,
  "validation_ran": false,
  "best_psnr": 37.08429848353068,
  "latest_checkpoint": "outputs\\low_res_joint_y_head_v2_bs8_vb1_nw4\\latest.pt"
}
{
  "epoch": 26,
  "train": {
    "epoch": 26,
    "loss": 0.015451570636050849,
    "psnr": 36.89522459816798,
    "ssim": null,
    "lr": 6.968160033111351e-05,
    "loss_y": 0.027229290992274124,
    "loss_uv": 0.0036738502995589863,
    "psnr_y": 28.11781119222695,
    "psnr_uv": 45.672638262732555,
    "ssim_y": null,
    "ssim_uv": null
  },
  "val": null,
  "validation_ran": false,
  "best_psnr": 37.08429848353068,
  "latest_checkpoint": "outputs\\low_res_joint_y_head_v2_bs8_vb1_nw4\\latest.pt"
}
{
  "epoch": 27,
  "train": {
    "epoch": 27,
    "loss": 0.015393002395449723,
    "psnr": 36.91307423478466,
    "ssim": null,
    "lr": 6.760117246286298e-05,
    "loss_y": 0.0271571591959498,
    "loss_uv": 0.003628845589687932,
    "psnr_y": 28.099967040584584,
    "psnr_uv": 45.72618141820875,
    "ssim_y": null,
    "ssim_uv": null
  },
  "val": null,
  "validation_ran": false,
  "best_psnr": 37.08429848353068,
  "latest_checkpoint": "outputs\\low_res_joint_y_head_v2_bs8_vb1_nw4\\latest.pt"
}
{
  "epoch": 28,
  "train": {
    "epoch": 28,
    "loss": 0.015530498498408808,
    "psnr": 36.97102705098815,
    "ssim": null,
    "lr": 6.548539886902853e-05,
    "loss_y": 0.02741090477691532,
    "loss_uv": 0.003650092198855459,
    "psnr_y": 28.129169097727974,
    "psnr_uv": 45.81288519821598,
    "ssim_y": null,
    "ssim_uv": null
  },
  "val": null,
  "validation_ran": false,
  "best_psnr": 37.08429848353068,
  "latest_checkpoint": "outputs\\low_res_joint_y_head_v2_bs8_vb1_nw4\\latest.pt"
}
{
  "epoch": 29,
  "train": {
    "epoch": 29,
    "loss": 0.015422004806456592,
    "psnr": 36.900710865602655,
    "ssim": null,
    "lr": 6.333854043605529e-05,
    "loss_y": 0.027188466851320644,
    "loss_uv": 0.0036555428905044236,
    "psnr_y": 28.067667416933567,
    "psnr_uv": 45.7337544543595,
    "ssim_y": null,
    "ssim_uv": null
  },
  "val": null,
  "validation_ran": false,
  "best_psnr": 37.08429848353068,
  "latest_checkpoint": "outputs\\low_res_joint_y_head_v2_bs8_vb1_nw4\\latest.pt"
}
{
  "epoch": 30,
  "train": {
    "epoch": 30,
    "loss": 0.015671208658713406,
    "psnr": 36.860572254590394,
    "ssim": null,
    "lr": 6.11649206511177e-05,
    "loss_y": 0.027727320769243995,
    "loss_uv": 0.0036150964981965764,
    "psnr_y": 27.956648541035626,
    "psnr_uv": 45.7644957202976,
    "ssim_y": null,
    "ssim_uv": null
  },
  "val": {
    "epoch": 30,
    "loss": 0.014040087044446006,
    "psnr": 37.24926621119182,
    "ssim": null,
    "lr": 0.0,
    "loss_y": 0.02515332505831288,
    "loss_uv": 0.0029268490228181085,
    "psnr_y": 27.82735667758518,
    "psnr_uv": 46.67117561764187,
    "ssim_y": null,
    "ssim_uv": null
  },
  "validation_ran": true,
  "best_psnr": 37.24926621119182,
  "latest_checkpoint": "outputs\\low_res_joint_y_head_v2_bs8_vb1_nw4\\latest.pt"
}
{
  "epoch": 31,
  "train": {
    "epoch": 31,
    "loss": 0.015511120985246311,
    "psnr": 36.89659284602451,
    "ssim": null,
    "lr": 5.89689168951917e-05,
    "loss_y": 0.027345351790640987,
    "loss_uv": 0.0036768901114494113,
    "psnr_y": 28.110353685368253,
    "psnr_uv": 45.68283182348909,
    "ssim_y": null,
    "ssim_uv": null
  },
  "val": null,
  "validation_ran": false,
  "best_psnr": 37.24926621119182,
  "latest_checkpoint": "outputs\\low_res_joint_y_head_v2_bs8_vb1_nw4\\latest.pt"
}
{
  "epoch": 32,
  "train": {
    "epoch": 32,
    "loss": 0.01561751822272768,
    "psnr": 36.863407458289196,
    "ssim": null,
    "lr": 5.675495162759173e-05,
    "loss_y": 0.02761806674975123,
    "loss_uv": 0.0036169697456903713,
    "psnr_y": 27.93104660982466,
    "psnr_uv": 45.79576834985765,
    "ssim_y": null,
    "ssim_uv": null
  },
  "val": null,
  "validation_ran": false,
  "best_psnr": 37.24926621119182,
  "latest_checkpoint": "outputs\\low_res_joint_y_head_v2_bs8_vb1_nw4\\latest.pt"
}
{
  "epoch": 33,
  "train": {
    "epoch": 33,
    "loss": 0.015314727032420325,
    "psnr": 37.04124183439266,
    "ssim": null,
    "lr": 5.452748347972633e-05,
    "loss_y": 0.02705289792837733,
    "loss_uv": 0.0035765560351754145,
    "psnr_y": 28.161597332711946,
    "psnr_uv": 45.92088651926504,
    "ssim_y": null,
    "ssim_uv": null
  },
  "val": null,
  "validation_ran": false,
  "best_psnr": 37.24926621119182,
  "latest_checkpoint": "outputs\\low_res_joint_y_head_v2_bs8_vb1_nw4\\latest.pt"
}
{
  "epoch": 34,
  "train": {
    "epoch": 34,
    "loss": 0.01549511810627866,
    "psnr": 37.03572104071493,
    "ssim": null,
    "lr": 5.2290998276008084e-05,
    "loss_y": 0.027417990005454102,
    "loss_uv": 0.003572246168955824,
    "psnr_y": 28.12772717448951,
    "psnr_uv": 45.9437147668526,
    "ssim_y": null,
    "ssim_uv": null
  },
  "val": null,
  "validation_ran": false,
  "best_psnr": 37.24926621119182,
  "latest_checkpoint": "outputs\\low_res_joint_y_head_v2_bs8_vb1_nw4\\latest.pt"
}
{
  "epoch": 35,
  "train": {
    "epoch": 35,
    "loss": 0.01552500249554882,
    "psnr": 36.87344256902145,
    "ssim": null,
    "lr": 5.004999999999982e-05,
    "loss_y": 0.027450451922029426,
    "loss_uv": 0.003599553070383641,
    "psnr_y": 27.958896798602606,
    "psnr_uv": 45.78798832866432,
    "ssim_y": null,
    "ssim_uv": null
  },
  "val": null,
  "validation_ran": false,
  "best_psnr": 37.24926621119182,
  "latest_checkpoint": "outputs\\low_res_joint_y_head_v2_bs8_vb1_nw4\\latest.pt"
}
{
  "epoch": 36,
  "train": {
    "epoch": 36,
    "loss": 0.015364919583928787,
    "psnr": 36.969641432250285,
    "ssim": null,
    "lr": 4.780900172399164e-05,
    "loss_y": 0.027152809656440874,
    "loss_uv": 0.003577029468007596,
    "psnr_y": 28.06564767481917,
    "psnr_uv": 45.873635394425044,
    "ssim_y": null,
    "ssim_uv": null
  },
  "val": null,
  "validation_ran": false,
  "best_psnr": 37.24926621119182,
  "latest_checkpoint": "outputs\\low_res_joint_y_head_v2_bs8_vb1_nw4\\latest.pt"
}
{
  "epoch": 37,
  "train": {
    "epoch": 37,
    "loss": 0.015196628868579865,
    "psnr": 37.099323660640394,
    "ssim": null,
    "lr": 4.557251652027337e-05,
    "loss_y": 0.02684668870379696,
    "loss_uv": 0.0035465690491478996,
    "psnr_y": 28.23853113422286,
    "psnr_uv": 45.96011617628194,
    "ssim_y": null,
    "ssim_uv": null
  },
  "val": null,
  "validation_ran": false,
  "best_psnr": 37.24926621119182,
  "latest_checkpoint": "outputs\\low_res_joint_y_head_v2_bs8_vb1_nw4\\latest.pt"
}
{
  "epoch": 38,
  "train": {
    "epoch": 38,
    "loss": 0.01548835349474418,
    "psnr": 36.908505585234046,
    "ssim": null,
    "lr": 4.3345048372408034e-05,
    "loss_y": 0.027418446948088832,
    "loss_uv": 0.0035582601321640156,
    "psnr_y": 27.992037530672754,
    "psnr_uv": 45.8249738876429,
    "ssim_y": null,
    "ssim_uv": null
  },
  "val": null,
  "validation_ran": false,
  "best_psnr": 37.24926621119182,
  "latest_checkpoint": "outputs\\low_res_joint_y_head_v2_bs8_vb1_nw4\\latest.pt"
}
{
  "epoch": 39,
  "train": {
    "epoch": 39,
    "loss": 0.015562958741760523,
    "psnr": 36.99712533465887,
    "ssim": null,
    "lr": 4.113108310480798e-05,
    "loss_y": 0.027537991697926305,
    "loss_uv": 0.003587925761917048,
    "psnr_y": 28.08883034442104,
    "psnr_uv": 45.90542050808836,
    "ssim_y": null,
    "ssim_uv": null
  },
  "val": null,
  "validation_ran": false,
  "best_psnr": 37.24926621119182,
  "latest_checkpoint": "outputs\\low_res_joint_y_head_v2_bs8_vb1_nw4\\latest.pt"
}
{
  "epoch": 40,
  "train": {
    "epoch": 40,
    "loss": 0.015260713301220183,
    "psnr": 37.0580664381469,
    "ssim": null,
    "lr": 3.8935079348882065e-05,
    "loss_y": 0.02696113418892952,
    "loss_uv": 0.0035602923345852034,
    "psnr_y": 28.160015688104146,
    "psnr_uv": 45.95611774854067,
    "ssim_y": null,
    "ssim_uv": null
  },
  "val": {
    "epoch": 40,
    "loss": 0.013960361113357874,
    "psnr": 37.30419225692749,
    "ssim": null,
    "lr": 0.0,
    "loss_y": 0.02502348992663125,
    "loss_uv": 0.002897232303965009,
    "psnr_y": 27.868471113840737,
    "psnr_uv": 46.739913410610626,
    "ssim_y": null,
    "ssim_uv": null
  },
  "validation_ran": true,
  "best_psnr": 37.30419225692749,
  "latest_checkpoint": "outputs\\low_res_joint_y_head_v2_bs8_vb1_nw4\\latest.pt"
}
{
  "epoch": 41,
  "train": {
    "epoch": 41,
    "loss": 0.015472147776876803,
    "psnr": 37.017837653725834,
    "ssim": null,
    "lr": 3.6761459563944567e-05,
    "loss_y": 0.027400737680957816,
    "loss_uv": 0.0035435578162324125,
    "psnr_y": 28.04434991825772,
    "psnr_uv": 45.99132557238563,
    "ssim_y": null,
    "ssim_uv": null
  },
  "val": null,
  "validation_ran": false,
  "best_psnr": 37.30419225692749,
  "latest_checkpoint": "outputs\\low_res_joint_y_head_v2_bs8_vb1_nw4\\latest.pt"
}
{
  "epoch": 42,
  "train": {
    "epoch": 42,
    "loss": 0.01551456899397959,
    "psnr": 36.980729485635706,
    "ssim": null,
    "lr": 3.4614601130971326e-05,
    "loss_y": 0.027448541332183586,
    "loss_uv": 0.0035805964979243143,
    "psnr_y": 28.08163711849579,
    "psnr_uv": 45.87982158337609,
    "ssim_y": null,
    "ssim_uv": null
  },
  "val": null,
  "validation_ran": false,
  "best_psnr": 37.30419225692749,
  "latest_checkpoint": "outputs\\low_res_joint_y_head_v2_bs8_vb1_nw4\\latest.pt"
}
{
  "epoch": 43,
  "train": {
    "epoch": 43,
    "loss": 0.015356167493188112,
    "psnr": 37.11291635373218,
    "ssim": null,
    "lr": 3.249882753713691e-05,
    "loss_y": 0.0272080379901296,
    "loss_uv": 0.003504297125816219,
    "psnr_y": 28.162937961729234,
    "psnr_uv": 46.06289478883905,
    "ssim_y": null,
    "ssim_uv": null
  },
  "val": null,
  "validation_ran": false,
  "best_psnr": 37.30419225692749,
  "latest_checkpoint": "outputs\\low_res_joint_y_head_v2_bs8_vb1_nw4\\latest.pt"
}
{
  "epoch": 44,
  "train": {
    "epoch": 44,
    "loss": 0.015264594227622795,
    "psnr": 37.14334099979724,
    "ssim": null,
    "lr": 3.0418399668886523e-05,
    "loss_y": 0.027013358970483143,
    "loss_uv": 0.0035158294775275946,
    "psnr_y": 28.191696350183864,
    "psnr_uv": 46.0949854877709,
    "ssim_y": null,
    "ssim_uv": null
  },
  "val": null,
  "validation_ran": false,
  "best_psnr": 37.30419225692749,
  "latest_checkpoint": "outputs\\low_res_joint_y_head_v2_bs8_vb1_nw4\\latest.pt"
}
{
  "epoch": 45,
  "train": {
    "epoch": 45,
    "loss": 0.015690906820450462,
    "psnr": 36.91863093403099,
    "ssim": null,
    "lr": 2.8377507231077967e-05,
    "loss_y": 0.02782511422778927,
    "loss_uv": 0.00355669931050832,
    "psnr_y": 27.890215114011603,
    "psnr_uv": 45.947046743274406,
    "ssim_y": null,
    "ssim_uv": null
  },
  "val": null,
  "validation_ran": false,
  "best_psnr": 37.30419225692749,
  "latest_checkpoint": "outputs\\low_res_joint_y_head_v2_bs8_vb1_nw4\\latest.pt"
}
{
  "epoch": 46,
  "train": {
    "epoch": 46,
    "loss": 0.015393787268864907,
    "psnr": 36.95953703196035,
    "ssim": null,
    "lr": 2.6380260309473692e-05,
    "loss_y": 0.027216003976215077,
    "loss_uv": 0.003571570662802643,
    "psnr_y": 28.06903972733492,
    "psnr_uv": 45.85003416417009,
    "ssim_y": null,
    "ssim_uv": null
  },
  "val": null,
  "validation_ran": false,
  "best_psnr": 37.30419225692749,
  "latest_checkpoint": "outputs\\low_res_joint_y_head_v2_bs8_vb1_nw4\\latest.pt"
}
{
  "epoch": 47,
  "train": {
    "epoch": 47,
    "loss": 0.015172459653415585,
    "psnr": 37.188592986198465,
    "ssim": null,
    "lr": 2.4430681093574953e-05,
    "loss_y": 0.026866329265600543,
    "loss_uv": 0.0034785899978215244,
    "psnr_y": 28.255939214243053,
    "psnr_uv": 46.121246768929865,
    "ssim_y": null,
    "ssim_uv": null
  },
  "val": null,
  "validation_ran": false,
  "best_psnr": 37.30419225692749,
  "latest_checkpoint": "outputs\\low_res_joint_y_head_v2_bs8_vb1_nw4\\latest.pt"
}
{
  "epoch": 48,
  "train": {
    "epoch": 48,
    "loss": 0.01516239930701963,
    "psnr": 37.184925639696715,
    "ssim": null,
    "lr": 2.2532695776467403e-05,
    "loss_y": 0.026826455042102917,
    "loss_uv": 0.0034983435180038214,
    "psnr_y": 28.229373834900937,
    "psnr_uv": 46.140477131989044,
    "ssim_y": null,
    "ssim_uv": null
  },
  "val": null,
  "validation_ran": false,
  "best_psnr": 37.30419225692749,
  "latest_checkpoint": "outputs\\low_res_joint_y_head_v2_bs8_vb1_nw4\\latest.pt"
}
{
  "epoch": 49,
  "train": {
    "epoch": 49,
    "loss": 0.015230406985991755,
    "psnr": 37.101442735747426,
    "ssim": null,
    "lr": 2.069012664799092e-05,
    "loss_y": 0.0269543453630081,
    "loss_uv": 0.003506468545834897,
    "psnr_y": 28.18879843027578,
    "psnr_uv": 46.01408679337151,
    "ssim_y": null,
    "ssim_uv": null
  },
  "val": null,
  "validation_ran": false,
  "best_psnr": 37.30419225692749,
  "latest_checkpoint": "outputs\\low_res_joint_y_head_v2_bs8_vb1_nw4\\latest.pt"
}
{
  "epoch": 50,
  "train": {
    "epoch": 50,
    "loss": 0.015332380409673446,
    "psnr": 37.150675671248784,
    "ssim": null,
    "lr": 1.8906684397156194e-05,
    "loss_y": 0.027178033739117917,
    "loss_uv": 0.0034867270039341883,
    "psnr_y": 28.192761792974956,
    "psnr_uv": 46.10858947409075,
    "ssim_y": null,
    "ssim_uv": null
  },
  "val": {
    "epoch": 50,
    "loss": 0.013927689859540099,
    "psnr": 37.3207709842258,
    "ssim": null,
    "lr": 0.0,
    "loss_y": 0.024961407456753983,
    "loss_uv": 0.002893972292076796,
    "psnr_y": 27.891815121968587,
    "psnr_uv": 46.749726888868544,
    "ssim_y": null,
    "ssim_uv": null
  },
  "validation_ran": true,
  "best_psnr": 37.3207709842258,
  "latest_checkpoint": "outputs\\low_res_joint_y_head_v2_bs8_vb1_nw4\\latest.pt"
}
{
  "epoch": 51,
  "train": {
    "epoch": 51,
    "loss": 0.015334830466805205,
    "psnr": 37.12122021691274,
    "ssim": null,
    "lr": 1.7185960639311305e-05,
    "loss_y": 0.027160882434181573,
    "loss_uv": 0.003508778481012852,
    "psnr_y": 28.185203800093657,
    "psnr_uv": 46.05723670916369,
    "ssim_y": null,
    "ssim_uv": null
  },
  "val": null,
  "validation_ran": false,
  "best_psnr": 37.3207709842258,
  "latest_checkpoint": "outputs\\low_res_joint_y_head_v2_bs8_vb1_nw4\\latest.pt"
}
{
  "epoch": 52,
  "train": {
    "epoch": 52,
    "loss": 0.015353626224322844,
    "psnr": 37.09339331502969,
    "ssim": null,
    "lr": 1.5531420683106054e-05,
    "loss_y": 0.027240464253361615,
    "loss_uv": 0.0034667883163033908,
    "psnr_y": 28.07763362604346,
    "psnr_uv": 46.10915264840853,
    "ssim_y": null,
    "ssim_uv": null
  },
  "val": null,
  "validation_ran": false,
  "best_psnr": 37.3207709842258,
  "latest_checkpoint": "outputs\\low_res_joint_y_head_v2_bs8_vb1_nw4\\latest.pt"
}
{
  "epoch": 53,
  "train": {
    "epoch": 53,
    "loss": 0.015189464924867543,
    "psnr": 37.14534145290569,
    "ssim": null,
    "lr": 1.3946396551821753e-05,
    "loss_y": 0.026909682794479327,
    "loss_uv": 0.003469247172328796,
    "psnr_y": 28.14780719132073,
    "psnr_uv": 46.14287547741906,
    "ssim_y": null,
    "ssim_uv": null
  },
  "val": null,
  "validation_ran": false,
  "best_psnr": 37.3207709842258,
  "latest_checkpoint": "outputs\\low_res_joint_y_head_v2_bs8_vb1_nw4\\latest.pt"
}
{
  "epoch": 54,
  "train": {
    "epoch": 54,
    "loss": 0.0152897773584151,
    "psnr": 37.159695167325985,
    "ssim": null,
    "lr": 1.2434080273119606e-05,
    "loss_y": 0.027098583930966546,
    "loss_uv": 0.003480970792440792,
    "psnr_y": 28.1913689220019,
    "psnr_uv": 46.12802119713045,
    "ssim_y": null,
    "ssim_uv": null
  },
  "val": null,
  "validation_ran": false,
  "best_psnr": 37.3207709842258,
  "latest_checkpoint": "outputs\\low_res_joint_y_head_v2_bs8_vb1_nw4\\latest.pt"
}
{
  "epoch": 55,
  "train": {
    "epoch": 55,
    "loss": 0.015143081745774733,
    "psnr": 37.24950182639947,
    "ssim": null,
    "lr": 1.0997517450721884e-05,
    "loss_y": 0.026861305637969134,
    "loss_uv": 0.0034248578351643464,
    "psnr_y": 28.24719501215186,
    "psnr_uv": 46.25180844667941,
    "ssim_y": null,
    "ssim_uv": null
  },
  "val": null,
  "validation_ran": false,
  "best_psnr": 37.3207709842258,
  "latest_checkpoint": "outputs\\low_res_joint_y_head_v2_bs8_vb1_nw4\\latest.pt"
}
{
  "epoch": 56,
  "train": {
    "epoch": 56,
    "loss": 0.015225563100986394,
    "psnr": 37.250204700534624,
    "ssim": null,
    "lr": 9.63960113097136e-06,
    "loss_y": 0.026997381195131332,
    "loss_uv": 0.003453744946331796,
    "psnr_y": 28.280569809304794,
    "psnr_uv": 46.21983951633259,
    "ssim_y": null,
    "ssim_uv": null
  },
  "val": null,
  "validation_ran": false,
  "best_psnr": 37.3207709842258,
  "latest_checkpoint": "outputs\\low_res_joint_y_head_v2_bs8_vb1_nw4\\latest.pt"
}
{
  "epoch": 57,
  "train": {
    "epoch": 57,
    "loss": 0.015305661028093201,
    "psnr": 37.128554241805425,
    "ssim": null,
    "lr": 8.363065976620928e-06,
    "loss_y": 0.0271221432140318,
    "loss_uv": 0.0034891788796442796,
    "psnr_y": 28.137248378689005,
    "psnr_uv": 46.11985994328213,
    "ssim_y": null,
    "ssim_uv": null
  },
  "val": null,
  "validation_ran": false,
  "best_psnr": 37.3207709842258,
  "latest_checkpoint": "outputs\\low_res_joint_y_head_v2_bs8_vb1_nw4\\latest.pt"
}
{
  "epoch": 58,
  "train": {
    "epoch": 58,
    "loss": 0.015151208566533307,
    "psnr": 37.16383329488463,
    "ssim": null,
    "lr": 7.170482759586782e-06,
    "loss_y": 0.026845240365650693,
    "loss_uv": 0.003457176797670749,
    "psnr_y": 28.18040742173707,
    "psnr_uv": 46.14725925424005,
    "ssim_y": null,
    "ssim_uv": null
  },
  "val": null,
  "validation_ran": false,
  "best_psnr": 37.3207709842258,
  "latest_checkpoint": "outputs\\low_res_joint_y_head_v2_bs8_vb1_nw4\\latest.pt"
}
{
  "epoch": 59,
  "train": {
    "epoch": 59,
    "loss": 0.015312981091986942,
    "psnr": 37.16545262309791,
    "ssim": null,
    "lr": 6.064253183755929e-06,
    "loss_y": 0.02716125837279915,
    "loss_uv": 0.0034647038348524246,
    "psnr_y": 28.20438389320158,
    "psnr_uv": 46.12652148230601,
    "ssim_y": null,
    "ssim_uv": null
  },
  "val": null,
  "validation_ran": false,
  "best_psnr": 37.3207709842258,
  "latest_checkpoint": "outputs\\low_res_joint_y_head_v2_bs8_vb1_nw4\\latest.pt"
}
{
  "epoch": 60,
  "train": {
    "epoch": 60,
    "loss": 0.015337071434126399,
    "psnr": 37.138292819093174,
    "ssim": null,
    "lr": 5.046605048274162e-06,
    "loss_y": 0.02723703658639711,
    "loss_uv": 0.0034371062134534625,
    "psnr_y": 28.057472735475013,
    "psnr_uv": 46.219112741071626,
    "ssim_y": null,
    "ssim_uv": null
  },
  "val": {
    "epoch": 60,
    "loss": 0.013907805734520984,
    "psnr": 37.332256179385716,
    "ssim": null,
    "lr": 0.0,
    "loss_y": 0.02492611695908838,
    "loss_uv": 0.0028894944860237753,
    "psnr_y": 27.902725654178195,
    "psnr_uv": 46.76178686353895,
    "ssim_y": null,
    "ssim_uv": null
  },
  "validation_ran": true,
  "best_psnr": 37.332256179385716,
  "latest_checkpoint": "outputs\\low_res_joint_y_head_v2_bs8_vb1_nw4\\latest.pt"
}
{
  "epoch": 61,
  "train": {
    "epoch": 61,
    "loss": 0.015348850733647912,
    "psnr": 37.18679859139825,
    "ssim": null,
    "lr": 4.119587761055043e-06,
    "loss_y": 0.027248446992730015,
    "loss_uv": 0.0034492545745382873,
    "psnr_y": 28.159638992137154,
    "psnr_uv": 46.21395813677944,
    "ssim_y": null,
    "ssim_uv": null
  },
  "val": null,
  "validation_ran": false,
  "best_psnr": 37.332256179385716,
  "latest_checkpoint": "outputs\\low_res_joint_y_head_v2_bs8_vb1_nw4\\latest.pt"
}
{
  "epoch": 62,
  "train": {
    "epoch": 62,
    "loss": 0.015364083745595763,
    "psnr": 37.222325168760484,
    "ssim": null,
    "lr": 3.2850682115451247e-06,
    "loss_y": 0.027301978246219414,
    "loss_uv": 0.003426189358098864,
    "psnr_y": 28.129184334965075,
    "psnr_uv": 46.31546595945196,
    "ssim_y": null,
    "ssim_uv": null
  },
  "val": null,
  "validation_ran": false,
  "best_psnr": 37.332256179385716,
  "latest_checkpoint": "outputs\\low_res_joint_y_head_v2_bs8_vb1_nw4\\latest.pt"
}
{
  "epoch": 63,
  "train": {
    "epoch": 63,
    "loss": 0.015306448164043453,
    "psnr": 37.17746193664895,
    "ssim": null,
    "lr": 2.5447270110570818e-06,
    "loss_y": 0.0271598149911832,
    "loss_uv": 0.0034530814197756307,
    "psnr_y": 28.157575381004204,
    "psnr_uv": 46.19734864315744,
    "ssim_y": null,
    "ssim_uv": null
  },
  "val": null,
  "validation_ran": false,
  "best_psnr": 37.332256179385716,
  "latest_checkpoint": "outputs\\low_res_joint_y_head_v2_bs8_vb1_nw4\\latest.pt"
}
{
  "epoch": 64,
  "train": {
    "epoch": 64,
    "loss": 0.014908223502380026,
    "psnr": 37.33446828120172,
    "ssim": null,
    "lr": 1.9000551082421282e-06,
    "loss_y": 0.026442545545050652,
    "loss_uv": 0.0033739014708905318,
    "psnr_y": 28.32200512643588,
    "psnr_uv": 46.34693141441561,
    "ssim_y": null,
    "ssim_uv": null
  },
  "val": null,
  "validation_ran": false,
  "best_psnr": 37.332256179385716,
  "latest_checkpoint": "outputs\\low_res_joint_y_head_v2_bs8_vb1_nw4\\latest.pt"
}
{
  "epoch": 65,
  "train": {
    "epoch": 65,
    "loss": 0.015154502238804674,
    "psnr": 37.1104160244182,
    "ssim": null,
    "lr": 1.3523507865179284e-06,
    "loss_y": 0.026820888890132392,
    "loss_uv": 0.0034881156585100342,
    "psnr_y": 28.108947042691504,
    "psnr_uv": 46.1118846613135,
    "ssim_y": null,
    "ssim_uv": null
  },
  "val": null,
  "validation_ran": false,
  "best_psnr": 37.332256179385716,
  "latest_checkpoint": "outputs\\low_res_joint_y_head_v2_bs8_vb1_nw4\\latest.pt"
}
{
  "epoch": 66,
  "train": {
    "epoch": 66,
    "loss": 0.015062489004879349,
    "psnr": 37.24396715325824,
    "ssim": null,
    "lr": 9.027170494984696e-07,
    "loss_y": 0.026690160708323037,
    "loss_uv": 0.003434817283019676,
    "psnr_y": 28.246800029345152,
    "psnr_uv": 46.24113447113899,
    "ssim_y": null,
    "ssim_uv": null
  },
  "val": null,
  "validation_ran": false,
  "best_psnr": 37.332256179385716,
  "latest_checkpoint": "outputs\\low_res_joint_y_head_v2_bs8_vb1_nw4\\latest.pt"
}
{
  "epoch": 67,
  "train": {
    "epoch": 67,
    "loss": 0.0152361013395133,
    "psnr": 37.18407593204477,
    "ssim": null,
    "lr": 5.520593996916737e-07,
    "loss_y": 0.0270196715380344,
    "loss_uv": 0.003452531133099633,
    "psnr_y": 28.197744110883292,
    "psnr_uv": 46.170407763982226,
    "ssim_y": null,
    "ssim_uv": null
  },
  "val": null,
  "validation_ran": false,
  "best_psnr": 37.332256179385716,
  "latest_checkpoint": "outputs\\low_res_joint_y_head_v2_bs8_vb1_nw4\\latest.pt"
}
{
  "epoch": 68,
  "train": {
    "epoch": 68,
    "loss": 0.015217781545710091,
    "psnr": 37.274101753019345,
    "ssim": null,
    "lr": 3.010840149378189e-07,
    "loss_y": 0.02698322600753462,
    "loss_uv": 0.003452337131240947,
    "psnr_y": 28.28232003335899,
    "psnr_uv": 46.26588332181596,
    "ssim_y": null,
    "ssim_uv": null
  },
  "val": null,
  "validation_ran": false,
  "best_psnr": 37.332256179385716,
  "latest_checkpoint": "outputs\\low_res_joint_y_head_v2_bs8_vb1_nw4\\latest.pt"
}
{
  "epoch": 69,
  "train": {
    "epoch": 69,
    "loss": 0.015462929214545562,
    "psnr": 36.982759076996714,
    "ssim": null,
    "lr": 1.5029632626133746e-07,
    "loss_y": 0.02739254877728931,
    "loss_uv": 0.00353330957945331,
    "psnr_y": 28.025453686040674,
    "psnr_uv": 45.94006487744003,
    "ssim_y": null,
    "ssim_uv": null
  },
  "val": null,
  "validation_ran": false,
  "best_psnr": 37.332256179385716,
  "latest_checkpoint": "outputs\\low_res_joint_y_head_v2_bs8_vb1_nw4\\latest.pt"
}
{
  "epoch": 70,
  "train": {
    "epoch": 70,
    "loss": 0.015317547324476606,
    "psnr": 37.16476037407999,
    "ssim": null,
    "lr": 1e-07,
    "loss_y": 0.027200846696051502,
    "loss_uv": 0.003434247935801155,
    "psnr_y": 28.110166506578693,
    "psnr_uv": 46.21935425235727,
    "ssim_y": null,
    "ssim_uv": null
  },
  "val": {
    "epoch": 70,
    "loss": 0.01390272910034077,
    "psnr": 37.33799663119846,
    "ssim": null,
    "lr": 0.0,
    "loss_y": 0.02491927359563609,
    "loss_uv": 0.002886184586936401,
    "psnr_y": 27.90410957336426,
    "psnr_uv": 46.771883837382,
    "ssim_y": null,
    "ssim_uv": null
  },
  "validation_ran": true,
  "best_psnr": 37.33799663119846,
  "latest_checkpoint": "outputs\\low_res_joint_y_head_v2_bs8_vb1_nw4\\latest.pt"
}
