{
  "epoch": 1,
  "train": {
    "epoch": 1,
    "loss": 0.03594688506879536,
    "psnr": 25.855010920557483,
    "ssim": null,
    "lr": 9.994970367373872e-05,
    "y_psnr": 26.06234259206086,
    "uv420_psnr": 42.28513672551498,
    "loss_y": 0.03473768399780607,
    "loss_uv": 0.005567236258671275,
    "psnr_y": 26.06234259206086,
    "psnr_uv": 42.28513672551498,
    "ssim_y": null,
    "ssim_uv": null,
    "loss_rgb": 0.03594688506879536,
    "psnr_rgb": 25.855010920557483,
    "ssim_rgb": null
  },
  "val": null,
  "validation_ran": false,
  "best_psnr": null,
  "latest_checkpoint": "outputs\\frequency_domain_low_frequency_fusion_v2_rgb_objective_bs7_vb1_nw2\\latest.pt"
}
{
  "epoch": 2,
  "train": {
    "epoch": 2,
    "loss": 0.033341074903757116,
    "psnr": 26.486748333635003,
    "ssim": null,
    "lr": 9.979891598506222e-05,
    "y_psnr": 26.758611566327474,
    "uv420_psnr": 43.130914246507466,
    "loss_y": 0.03199776474001079,
    "loss_uv": 0.004950510848341097,
    "psnr_y": 26.758611566327474,
    "psnr_uv": 43.130914246507466,
    "ssim_y": null,
    "ssim_uv": null,
    "loss_rgb": 0.033341074903757116,
    "psnr_rgb": 26.486748333635003,
    "ssim_rgb": null
  },
  "val": null,
  "validation_ran": false,
  "best_psnr": null,
  "latest_checkpoint": "outputs\\frequency_domain_low_frequency_fusion_v2_rgb_objective_bs7_vb1_nw2\\latest.pt"
}
{
  "epoch": 3,
  "train": {
    "epoch": 3,
    "loss": 0.03163373642807524,
    "psnr": 26.95048925089719,
    "ssim": null,
    "lr": 9.954794060030836e-05,
    "y_psnr": 27.22660472475249,
    "uv420_psnr": 43.69225542416126,
    "loss_y": 0.030361608597518776,
    "loss_uv": 0.004689941112768694,
    "psnr_y": 27.22660472475249,
    "psnr_uv": 43.69225542416126,
    "ssim_y": null,
    "ssim_uv": null,
    "loss_rgb": 0.03163373642807524,
    "psnr_rgb": 26.95048925089719,
    "ssim_rgb": null
  },
  "val": null,
  "validation_ran": false,
  "best_psnr": null,
  "latest_checkpoint": "outputs\\frequency_domain_low_frequency_fusion_v2_rgb_objective_bs7_vb1_nw2\\latest.pt"
}
{
  "epoch": 4,
  "train": {
    "epoch": 4,
    "loss": 0.03088460665361341,
    "psnr": 27.160023261760845,
    "ssim": null,
    "lr": 9.919728295050154e-05,
    "y_psnr": 27.422295077093715,
    "uv420_psnr": 44.158873271472345,
    "loss_y": 0.029667334576031844,
    "loss_uv": 0.004484319566230615,
    "psnr_y": 27.422295077093715,
    "psnr_uv": 44.158873271472345,
    "ssim_y": null,
    "ssim_uv": null,
    "loss_rgb": 0.03088460665361341,
    "psnr_rgb": 27.160023261760845,
    "ssim_rgb": null
  },
  "val": null,
  "validation_ran": false,
  "best_psnr": null,
  "latest_checkpoint": "outputs\\frequency_domain_low_frequency_fusion_v2_rgb_objective_bs7_vb1_nw2\\latest.pt"
}
{
  "epoch": 5,
  "train": {
    "epoch": 5,
    "loss": 0.030191348599536077,
    "psnr": 27.34010961372864,
    "ssim": null,
    "lr": 9.874764921348214e-05,
    "y_psnr": 27.61087312369511,
    "uv420_psnr": 44.29864530140543,
    "loss_y": 0.02898696891669863,
    "loss_uv": 0.004377071820245368,
    "psnr_y": 27.61087312369511,
    "psnr_uv": 44.29864530140543,
    "ssim_y": null,
    "ssim_uv": null,
    "loss_rgb": 0.030191348599536077,
    "psnr_rgb": 27.34010961372864,
    "ssim_rgb": null
  },
  "val": null,
  "validation_ran": false,
  "best_psnr": null,
  "latest_checkpoint": "outputs\\frequency_domain_low_frequency_fusion_v2_rgb_objective_bs7_vb1_nw2\\latest.pt"
}
{
  "epoch": 6,
  "train": {
    "epoch": 6,
    "loss": 0.029860605352691243,
    "psnr": 27.373657151396053,
    "ssim": null,
    "lr": 9.819994489175787e-05,
    "y_psnr": 27.62547936463004,
    "uv420_psnr": 44.54029662033607,
    "loss_y": 0.028695561900147663,
    "loss_uv": 0.004248813873964357,
    "psnr_y": 27.62547936463004,
    "psnr_uv": 44.54029662033607,
    "ssim_y": null,
    "ssim_uv": null,
    "loss_rgb": 0.029860605352691243,
    "psnr_rgb": 27.373657151396053,
    "ssim_rgb": null
  },
  "val": null,
  "validation_ran": false,
  "best_psnr": null,
  "latest_checkpoint": "outputs\\frequency_domain_low_frequency_fusion_v2_rgb_objective_bs7_vb1_nw2\\latest.pt"
}
{
  "epoch": 7,
  "train": {
    "epoch": 7,
    "loss": 0.029731608119797824,
    "psnr": 27.426526243463524,
    "ssim": null,
    "lr": 9.755527298894289e-05,
    "y_psnr": 27.682875299688632,
    "uv420_psnr": 44.591515451816505,
    "loss_y": 0.028575334624557074,
    "loss_uv": 0.004247606573672277,
    "psnr_y": 27.682875299688632,
    "psnr_uv": 44.591515451816505,
    "ssim_y": null,
    "ssim_uv": null,
    "loss_rgb": 0.029731608119797824,
    "psnr_rgb": 27.426526243463524,
    "ssim_rgb": null
  },
  "val": null,
  "validation_ran": false,
  "best_psnr": null,
  "latest_checkpoint": "outputs\\frequency_domain_low_frequency_fusion_v2_rgb_objective_bs7_vb1_nw2\\latest.pt"
}
{
  "epoch": 8,
  "train": {
    "epoch": 8,
    "loss": 0.02958026622408276,
    "psnr": 27.443705695016043,
    "ssim": null,
    "lr": 9.68149317884548e-05,
    "y_psnr": 27.69652781932812,
    "uv420_psnr": 44.621905660394376,
    "loss_y": 0.028445773010183438,
    "loss_uv": 0.004216447677876194,
    "psnr_y": 27.69652781932812,
    "psnr_uv": 44.621905660394376,
    "ssim_y": null,
    "ssim_uv": null,
    "loss_rgb": 0.02958026622408276,
    "psnr_rgb": 27.443705695016043,
    "ssim_rgb": null
  },
  "val": null,
  "validation_ran": false,
  "best_psnr": null,
  "latest_checkpoint": "outputs\\frequency_domain_low_frequency_fusion_v2_rgb_objective_bs7_vb1_nw2\\latest.pt"
}
{
  "epoch": 9,
  "train": {
    "epoch": 9,
    "loss": 0.029487018432156207,
    "psnr": 27.508065810931726,
    "ssim": null,
    "lr": 9.598041223894491e-05,
    "y_psnr": 27.75865716417435,
    "uv420_psnr": 44.6919475987627,
    "loss_y": 0.028363679554038155,
    "loss_uv": 0.004188495735165301,
    "psnr_y": 27.75865716417435,
    "psnr_uv": 44.6919475987627,
    "ssim_y": null,
    "ssim_uv": null,
    "loss_rgb": 0.029487018432156207,
    "psnr_rgb": 27.508065810931726,
    "ssim_rgb": null
  },
  "val": null,
  "validation_ran": false,
  "best_psnr": null,
  "latest_checkpoint": "outputs\\frequency_domain_low_frequency_fusion_v2_rgb_objective_bs7_vb1_nw2\\latest.pt"
}
{
  "epoch": 10,
  "train": {
    "epoch": 10,
    "loss": 0.029199309426869078,
    "psnr": 27.604925118056425,
    "ssim": null,
    "lr": 9.505339495172567e-05,
    "y_psnr": 27.848149229153037,
    "uv420_psnr": 44.900072107174125,
    "loss_y": 0.028116177528949793,
    "loss_uv": 0.004116048009864289,
    "psnr_y": 27.848149229153037,
    "psnr_uv": 44.900072107174125,
    "ssim_y": null,
    "ssim_uv": null,
    "loss_rgb": 0.029199309426869078,
    "psnr_rgb": 27.604925118056425,
    "ssim_rgb": null
  },
  "val": {
    "epoch": 10,
    "loss": 0.026567387798180183,
    "psnr": 27.49240812725491,
    "ssim": null,
    "lr": 0.0,
    "y_psnr": 27.625246302286783,
    "uv420_psnr": 45.90214275783963,
    "loss_y": 0.025777988601475954,
    "loss_uv": 0.0033155102476788065,
    "psnr_y": 27.625246302286783,
    "psnr_uv": 45.90214275783963,
    "ssim_y": null,
    "ssim_uv": null,
    "loss_rgb": 0.026567387798180183,
    "psnr_rgb": 27.49240812725491,
    "ssim_rgb": null
  },
  "validation_ran": true,
  "best_psnr": 27.49240812725491,
  "latest_checkpoint": "outputs\\frequency_domain_low_frequency_fusion_v2_rgb_objective_bs7_vb1_nw2\\latest.pt"
}
{
  "epoch": 11,
  "train": {
    "epoch": 11,
    "loss": 0.029176852330932476,
    "psnr": 27.56554957798549,
    "ssim": null,
    "lr": 9.403574681624383e-05,
    "y_psnr": 27.796326106405022,
    "uv420_psnr": 44.98709123357764,
    "loss_y": 0.028143694523373262,
    "loss_uv": 0.004037667001629698,
    "psnr_y": 27.796326106405022,
    "psnr_uv": 44.98709123357764,
    "ssim_y": null,
    "ssim_uv": null,
    "loss_rgb": 0.029176852330932476,
    "psnr_rgb": 27.56554957798549,
    "ssim_rgb": null
  },
  "val": null,
  "validation_ran": false,
  "best_psnr": 27.49240812725491,
  "latest_checkpoint": "outputs\\frequency_domain_low_frequency_fusion_v2_rgb_objective_bs7_vb1_nw2\\latest.pt"
}
{
  "epoch": 12,
  "train": {
    "epoch": 12,
    "loss": 0.029658288130619256,
    "psnr": 27.49095447897324,
    "ssim": null,
    "lr": 9.292951724041293e-05,
    "y_psnr": 27.711171624695726,
    "uv420_psnr": 45.10242631282713,
    "loss_y": 0.028665598936085338,
    "loss_uv": 0.003980536094128058,
    "psnr_y": 27.711171624695726,
    "psnr_uv": 45.10242631282713,
    "ssim_y": null,
    "ssim_uv": null,
    "loss_rgb": 0.029658288130619256,
    "psnr_rgb": 27.49095447897324,
    "ssim_rgb": null
  },
  "val": null,
  "validation_ran": false,
  "best_psnr": 27.49240812725491,
  "latest_checkpoint": "outputs\\frequency_domain_low_frequency_fusion_v2_rgb_objective_bs7_vb1_nw2\\latest.pt"
}
{
  "epoch": 13,
  "train": {
    "epoch": 13,
    "loss": 0.029246729720622446,
    "psnr": 27.632797729792852,
    "ssim": null,
    "lr": 9.173693402337868e-05,
    "y_psnr": 27.863885221810175,
    "uv420_psnr": 45.24662910423842,
    "loss_y": 0.02825233239331856,
    "loss_uv": 0.003925206158034907,
    "psnr_y": 27.863885221810175,
    "psnr_uv": 45.24662910423842,
    "ssim_y": null,
    "ssim_uv": null,
    "loss_rgb": 0.029246729720622446,
    "psnr_rgb": 27.632797729792852,
    "ssim_rgb": null
  },
  "val": null,
  "validation_ran": false,
  "best_psnr": 27.49240812725491,
  "latest_checkpoint": "outputs\\frequency_domain_low_frequency_fusion_v2_rgb_objective_bs7_vb1_nw2\\latest.pt"
}
{
  "epoch": 14,
  "train": {
    "epoch": 14,
    "loss": 0.028824194962975426,
    "psnr": 27.680407585181626,
    "ssim": null,
    "lr": 9.046039886902822e-05,
    "y_psnr": 27.895406835772135,
    "uv420_psnr": 45.377253114296295,
    "loss_y": 0.027875784197317555,
    "loss_uv": 0.003831292165379072,
    "psnr_y": 27.895406835772135,
    "psnr_uv": 45.377253114296295,
    "ssim_y": null,
    "ssim_uv": null,
    "loss_rgb": 0.028824194962975426,
    "psnr_rgb": 27.680407585181626,
    "ssim_rgb": null
  },
  "val": null,
  "validation_ran": false,
  "best_psnr": 27.49240812725491,
  "latest_checkpoint": "outputs\\frequency_domain_low_frequency_fusion_v2_rgb_objective_bs7_vb1_nw2\\latest.pt"
}
{
  "epoch": 15,
  "train": {
    "epoch": 15,
    "loss": 0.02870281946299405,
    "psnr": 27.717059769653922,
    "ssim": null,
    "lr": 8.910248254927766e-05,
    "y_psnr": 27.938949462815458,
    "uv420_psnr": 45.33610803388022,
    "loss_y": 0.027731348746662658,
    "loss_uv": 0.003854609945596292,
    "psnr_y": 27.938949462815458,
    "psnr_uv": 45.33610803388022,
    "ssim_y": null,
    "ssim_uv": null,
    "loss_rgb": 0.02870281946299405,
    "psnr_rgb": 27.717059769653922,
    "ssim_rgb": null
  },
  "val": null,
  "validation_ran": false,
  "best_psnr": 27.49240812725491,
  "latest_checkpoint": "outputs\\frequency_domain_low_frequency_fusion_v2_rgb_objective_bs7_vb1_nw2\\latest.pt"
}
