{
  "epoch": 29,
  "train": {
    "epoch": 29,
    "loss": 0.028694993876825788,
    "psnr": 27.711601742243364,
    "ssim": null,
    "lr": 6.333854043605529e-05,
    "y_psnr": 27.9564054349048,
    "uv420_psnr": 45.122024094317595,
    "loss_y": null,
    "loss_uv": null,
    "psnr_y": null,
    "psnr_uv": null,
    "ssim_y": null,
    "ssim_uv": null,
    "loss_rgb": null,
    "psnr_rgb": null,
    "ssim_rgb": null
  },
  "val": null,
  "validation_ran": false,
  "best_psnr": 27.565000989702014,
  "latest_checkpoint": "outputs\\baseline_rgb_v7_yuv420_input_tuned_bs4_vb1_nw1\\latest.pt"
}
{
  "epoch": 30,
  "train": {
    "epoch": 30,
    "loss": 0.028425954416457375,
    "psnr": 27.8347778050913,
    "ssim": null,
    "lr": 6.11649206511177e-05,
    "y_psnr": 28.076283858994305,
    "uv420_psnr": 45.26978355881858,
    "loss_y": null,
    "loss_uv": null,
    "psnr_y": null,
    "psnr_uv": null,
    "ssim_y": null,
    "ssim_uv": null,
    "loss_rgb": null,
    "psnr_rgb": null,
    "ssim_rgb": null
  },
  "val": {
    "epoch": 30,
    "loss": 0.026632945560332803,
    "psnr": 27.529418320126005,
    "ssim": null,
    "lr": 0.0,
    "y_psnr": 27.74276999367608,
    "uv420_psnr": 44.074448098076715,
    "loss_y": null,
    "loss_uv": null,
    "psnr_y": null,
    "psnr_uv": null,
    "ssim_y": null,
    "ssim_uv": null,
    "loss_rgb": null,
    "psnr_rgb": null,
    "ssim_rgb": null
  },
  "validation_ran": true,
  "best_psnr": 27.565000989702014,
  "latest_checkpoint": "outputs\\baseline_rgb_v7_yuv420_input_tuned_bs4_vb1_nw1\\latest.pt"
}
{
  "epoch": 31,
  "train": {
    "epoch": 31,
    "loss": 0.02828449233419309,
    "psnr": 27.931081082187802,
    "ssim": null,
    "lr": 5.89689168951917e-05,
    "y_psnr": 28.182258099485924,
    "uv420_psnr": 45.2526363760738,
    "loss_y": null,
    "loss_uv": null,
    "psnr_y": null,
    "psnr_uv": null,
    "ssim_y": null,
    "ssim_uv": null,
    "loss_rgb": null,
    "psnr_rgb": null,
    "ssim_rgb": null
  },
  "val": null,
  "validation_ran": false,
  "best_psnr": 27.565000989702014,
  "latest_checkpoint": "outputs\\baseline_rgb_v7_yuv420_input_tuned_bs4_vb1_nw1\\latest.pt"
}
{
  "epoch": 32,
  "train": {
    "epoch": 32,
    "loss": 0.02851343040465046,
    "psnr": 27.772112409947283,
    "ssim": null,
    "lr": 5.675495162759173e-05,
    "y_psnr": 28.010975061836888,
    "uv420_psnr": 45.18926648500949,
    "loss_y": null,
    "loss_uv": null,
    "psnr_y": null,
    "psnr_uv": null,
    "ssim_y": null,
    "ssim_uv": null,
    "loss_rgb": null,
    "psnr_rgb": null,
    "ssim_rgb": null
  },
  "val": null,
  "validation_ran": false,
  "best_psnr": 27.565000989702014,
  "latest_checkpoint": "outputs\\baseline_rgb_v7_yuv420_input_tuned_bs4_vb1_nw1\\latest.pt"
}
{
  "epoch": 33,
  "train": {
    "epoch": 33,
    "loss": 0.02814876905637188,
    "psnr": 27.903366390594655,
    "ssim": null,
    "lr": 5.452748347972633e-05,
    "y_psnr": 28.14498255347128,
    "uv420_psnr": 45.28099553598523,
    "loss_y": null,
    "loss_uv": null,
    "psnr_y": null,
    "psnr_uv": null,
    "ssim_y": null,
    "ssim_uv": null,
    "loss_rgb": null,
    "psnr_rgb": null,
    "ssim_rgb": null
  },
  "val": null,
  "validation_ran": false,
  "best_psnr": 27.565000989702014,
  "latest_checkpoint": "outputs\\baseline_rgb_v7_yuv420_input_tuned_bs4_vb1_nw1\\latest.pt"
}
{
  "epoch": 34,
  "train": {
    "epoch": 34,
    "loss": 0.027933394607409078,
    "psnr": 28.05709273666985,
    "ssim": null,
    "lr": 5.2290998276008084e-05,
    "y_psnr": 28.303970045962576,
    "uv420_psnr": 45.509130639544985,
    "loss_y": null,
    "loss_uv": null,
    "psnr_y": null,
    "psnr_uv": null,
    "ssim_y": null,
    "ssim_uv": null,
    "loss_rgb": null,
    "psnr_rgb": null,
    "ssim_rgb": null
  },
  "val": null,
  "validation_ran": false,
  "best_psnr": 27.565000989702014,
  "latest_checkpoint": "outputs\\baseline_rgb_v7_yuv420_input_tuned_bs4_vb1_nw1\\latest.pt"
}
{
  "epoch": 35,
  "train": {
    "epoch": 35,
    "loss": 0.028304386210475263,
    "psnr": 27.948457232976363,
    "ssim": null,
    "lr": 5.004999999999982e-05,
    "y_psnr": 28.188263084928867,
    "uv420_psnr": 45.45550909958317,
    "loss_y": null,
    "loss_uv": null,
    "psnr_y": null,
    "psnr_uv": null,
    "ssim_y": null,
    "ssim_uv": null,
    "loss_rgb": null,
    "psnr_rgb": null,
    "ssim_rgb": null
  },
  "val": null,
  "validation_ran": false,
  "best_psnr": 27.565000989702014,
  "latest_checkpoint": "outputs\\baseline_rgb_v7_yuv420_input_tuned_bs4_vb1_nw1\\latest.pt"
}
{
  "epoch": 36,
  "train": {
    "epoch": 36,
    "loss": 0.028119755019617956,
    "psnr": 27.940739782516566,
    "ssim": null,
    "lr": 4.780900172399164e-05,
    "y_psnr": 28.18578714704783,
    "uv420_psnr": 45.44152812634484,
    "loss_y": null,
    "loss_uv": null,
    "psnr_y": null,
    "psnr_uv": null,
    "ssim_y": null,
    "ssim_uv": null,
    "loss_rgb": null,
    "psnr_rgb": null,
    "ssim_rgb": null
  },
  "val": null,
  "validation_ran": false,
  "best_psnr": 27.565000989702014,
  "latest_checkpoint": "outputs\\baseline_rgb_v7_yuv420_input_tuned_bs4_vb1_nw1\\latest.pt"
}
{
  "epoch": 37,
  "train": {
    "epoch": 37,
    "loss": 0.02831375425534144,
    "psnr": 27.90997324151508,
    "ssim": null,
    "lr": 4.557251652027337e-05,
    "y_psnr": 28.14936129790915,
    "uv420_psnr": 45.389656896645064,
    "loss_y": null,
    "loss_uv": null,
    "psnr_y": null,
    "psnr_uv": null,
    "ssim_y": null,
    "ssim_uv": null,
    "loss_rgb": null,
    "psnr_rgb": null,
    "ssim_rgb": null
  },
  "val": null,
  "validation_ran": false,
  "best_psnr": 27.565000989702014,
  "latest_checkpoint": "outputs\\baseline_rgb_v7_yuv420_input_tuned_bs4_vb1_nw1\\latest.pt"
}
{
  "epoch": 38,
  "train": {
    "epoch": 38,
    "loss": 0.02820120622419705,
    "psnr": 27.92092503262105,
    "ssim": null,
    "lr": 4.3345048372408034e-05,
    "y_psnr": 28.15566879207805,
    "uv420_psnr": 45.445550616851634,
    "loss_y": null,
    "loss_uv": null,
    "psnr_y": null,
    "psnr_uv": null,
    "ssim_y": null,
    "ssim_uv": null,
    "loss_rgb": null,
    "psnr_rgb": null,
    "ssim_rgb": null
  },
  "val": null,
  "validation_ran": false,
  "best_psnr": 27.565000989702014,
  "latest_checkpoint": "outputs\\baseline_rgb_v7_yuv420_input_tuned_bs4_vb1_nw1\\latest.pt"
}
{
  "epoch": 39,
  "train": {
    "epoch": 39,
    "loss": 0.028393268306334478,
    "psnr": 27.872627193644895,
    "ssim": null,
    "lr": 4.113108310480798e-05,
    "y_psnr": 28.108422317073842,
    "uv420_psnr": 45.44534250033104,
    "loss_y": null,
    "loss_uv": null,
    "psnr_y": null,
    "psnr_uv": null,
    "ssim_y": null,
    "ssim_uv": null,
    "loss_rgb": null,
    "psnr_rgb": null,
    "ssim_rgb": null
  },
  "val": null,
  "validation_ran": false,
  "best_psnr": 27.565000989702014,
  "latest_checkpoint": "outputs\\baseline_rgb_v7_yuv420_input_tuned_bs4_vb1_nw1\\latest.pt"
}
{
  "epoch": 40,
  "train": {
    "epoch": 40,
    "loss": 0.027553247232621505,
    "psnr": 28.162214149863033,
    "ssim": null,
    "lr": 3.8935079348882065e-05,
    "y_psnr": 28.394461243839586,
    "uv420_psnr": 45.779161636438744,
    "loss_y": null,
    "loss_uv": null,
    "psnr_y": null,
    "psnr_uv": null,
    "ssim_y": null,
    "ssim_uv": null,
    "loss_rgb": null,
    "psnr_rgb": null,
    "ssim_rgb": null
  },
  "val": {
    "epoch": 40,
    "loss": 0.025871112663298845,
    "psnr": 27.72247421476576,
    "ssim": null,
    "lr": 0.0,
    "y_psnr": 27.892272652520074,
    "uv420_psnr": 45.34332642025418,
    "loss_y": null,
    "loss_uv": null,
    "psnr_y": null,
    "psnr_uv": null,
    "ssim_y": null,
    "ssim_uv": null,
    "loss_rgb": null,
    "psnr_rgb": null,
    "ssim_rgb": null
  },
  "validation_ran": true,
  "best_psnr": 27.72247421476576,
  "latest_checkpoint": "outputs\\baseline_rgb_v7_yuv420_input_tuned_bs4_vb1_nw1\\latest.pt"
}
{
  "epoch": 41,
  "train": {
    "epoch": 41,
    "loss": 0.028552048723871088,
    "psnr": 27.76021726791468,
    "ssim": null,
    "lr": 3.6761459563944567e-05,
    "y_psnr": 27.987940788269043,
    "uv420_psnr": 45.407088457527806,
    "loss_y": null,
    "loss_uv": null,
    "psnr_y": null,
    "psnr_uv": null,
    "ssim_y": null,
    "ssim_uv": null,
    "loss_rgb": null,
    "psnr_rgb": null,
    "ssim_rgb": null
  },
  "val": null,
  "validation_ran": false,
  "best_psnr": 27.72247421476576,
  "latest_checkpoint": "outputs\\baseline_rgb_v7_yuv420_input_tuned_bs4_vb1_nw1\\latest.pt"
}
{
  "epoch": 42,
  "train": {
    "epoch": 42,
    "loss": 0.027524530998099657,
    "psnr": 28.048347047493284,
    "ssim": null,
    "lr": 3.4614601130971326e-05,
    "y_psnr": 28.28181003850732,
    "uv420_psnr": 45.57080908953133,
    "loss_y": null,
    "loss_uv": null,
    "psnr_y": null,
    "psnr_uv": null,
    "ssim_y": null,
    "ssim_uv": null,
    "loss_rgb": null,
    "psnr_rgb": null,
    "ssim_rgb": null
  },
  "val": null,
  "validation_ran": false,
  "best_psnr": 27.72247421476576,
  "latest_checkpoint": "outputs\\baseline_rgb_v7_yuv420_input_tuned_bs4_vb1_nw1\\latest.pt"
}
{
  "epoch": 43,
  "train": {
    "epoch": 43,
    "loss": 0.027885095155824206,
    "psnr": 27.996493894501594,
    "ssim": null,
    "lr": 3.249882753713691e-05,
    "y_psnr": 28.222038446846653,
    "uv420_psnr": 45.63730681683384,
    "loss_y": null,
    "loss_uv": null,
    "psnr_y": null,
    "psnr_uv": null,
    "ssim_y": null,
    "ssim_uv": null,
    "loss_rgb": null,
    "psnr_rgb": null,
    "ssim_rgb": null
  },
  "val": null,
  "validation_ran": false,
  "best_psnr": 27.72247421476576,
  "latest_checkpoint": "outputs\\baseline_rgb_v7_yuv420_input_tuned_bs4_vb1_nw1\\latest.pt"
}
{
  "epoch": 44,
  "train": {
    "epoch": 44,
    "loss": 0.028002528807853408,
    "psnr": 27.972400034888317,
    "ssim": null,
    "lr": 3.0418399668886523e-05,
    "y_psnr": 28.20665632129389,
    "uv420_psnr": 45.5753147211452,
    "loss_y": null,
    "loss_uv": null,
    "psnr_y": null,
    "psnr_uv": null,
    "ssim_y": null,
    "ssim_uv": null,
    "loss_rgb": null,
    "psnr_rgb": null,
    "ssim_rgb": null
  },
  "val": null,
  "validation_ran": false,
  "best_psnr": 27.72247421476576,
  "latest_checkpoint": "outputs\\baseline_rgb_v7_yuv420_input_tuned_bs4_vb1_nw1\\latest.pt"
}
{
  "epoch": 45,
  "train": {
    "epoch": 45,
    "loss": 0.027973511124734826,
    "psnr": 27.984168645352295,
    "ssim": null,
    "lr": 2.8377507231077967e-05,
    "y_psnr": 28.21407821892345,
    "uv420_psnr": 45.62090578456383,
    "loss_y": null,
    "loss_uv": null,
    "psnr_y": null,
    "psnr_uv": null,
    "ssim_y": null,
    "ssim_uv": null,
    "loss_rgb": null,
    "psnr_rgb": null,
    "ssim_rgb": null
  },
  "val": null,
  "validation_ran": false,
  "best_psnr": 27.72247421476576,
  "latest_checkpoint": "outputs\\baseline_rgb_v7_yuv420_input_tuned_bs4_vb1_nw1\\latest.pt"
}
{
  "epoch": 46,
  "train": {
    "epoch": 46,
    "loss": 0.027847595433941334,
    "psnr": 28.02591211243538,
    "ssim": null,
    "lr": 2.6380260309473692e-05,
    "y_psnr": 28.258363292715643,
    "uv420_psnr": 45.662196822085626,
    "loss_y": null,
    "loss_uv": null,
    "psnr_y": null,
    "psnr_uv": null,
    "ssim_y": null,
    "ssim_uv": null,
    "loss_rgb": null,
    "psnr_rgb": null,
    "ssim_rgb": null
  },
  "val": null,
  "validation_ran": false,
  "best_psnr": 27.72247421476576,
  "latest_checkpoint": "outputs\\baseline_rgb_v7_yuv420_input_tuned_bs4_vb1_nw1\\latest.pt"
}
{
  "epoch": 47,
  "train": {
    "epoch": 47,
    "loss": 0.02817567190586847,
    "psnr": 27.861839165121822,
    "ssim": null,
    "lr": 2.4430681093574953e-05,
    "y_psnr": 28.082162318256614,
    "uv420_psnr": 45.61639935552737,
    "loss_y": null,
    "loss_uv": null,
    "psnr_y": null,
    "psnr_uv": null,
    "ssim_y": null,
    "ssim_uv": null,
    "loss_rgb": null,
    "psnr_rgb": null,
    "ssim_rgb": null
  },
  "val": null,
  "validation_ran": false,
  "best_psnr": 27.72247421476576,
  "latest_checkpoint": "outputs\\baseline_rgb_v7_yuv420_input_tuned_bs4_vb1_nw1\\latest.pt"
}
{
  "epoch": 48,
  "train": {
    "epoch": 48,
    "loss": 0.027987074890926396,
    "psnr": 27.880946170138774,
    "ssim": null,
    "lr": 2.2532695776467403e-05,
    "y_psnr": 28.110085061714475,
    "uv420_psnr": 45.58286491221627,
    "loss_y": null,
    "loss_uv": null,
    "psnr_y": null,
    "psnr_uv": null,
    "ssim_y": null,
    "ssim_uv": null,
    "loss_rgb": null,
    "psnr_rgb": null,
    "ssim_rgb": null
  },
  "val": null,
  "validation_ran": false,
  "best_psnr": 27.72247421476576,
  "latest_checkpoint": "outputs\\baseline_rgb_v7_yuv420_input_tuned_bs4_vb1_nw1\\latest.pt"
}
{
  "epoch": 49,
  "train": {
    "epoch": 49,
    "loss": 0.027985090681872632,
    "psnr": 27.984885759946316,
    "ssim": null,
    "lr": 2.069012664799092e-05,
    "y_psnr": 28.217250419875324,
    "uv420_psnr": 45.659605543492205,
    "loss_y": null,
    "loss_uv": null,
    "psnr_y": null,
    "psnr_uv": null,
    "ssim_y": null,
    "ssim_uv": null,
    "loss_rgb": null,
    "psnr_rgb": null,
    "ssim_rgb": null
  },
  "val": null,
  "validation_ran": false,
  "best_psnr": 27.72247421476576,
  "latest_checkpoint": "outputs\\baseline_rgb_v7_yuv420_input_tuned_bs4_vb1_nw1\\latest.pt"
}
{
  "epoch": 50,
  "train": {
    "epoch": 50,
    "loss": 0.027563251918023925,
    "psnr": 28.078501862994695,
    "ssim": null,
    "lr": 1.8906684397156194e-05,
    "y_psnr": 28.31106915446998,
    "uv420_psnr": 45.693800231157724,
    "loss_y": null,
    "loss_uv": null,
    "psnr_y": null,
    "psnr_uv": null,
    "ssim_y": null,
    "ssim_uv": null,
    "loss_rgb": null,
    "psnr_rgb": null,
    "ssim_rgb": null
  },
  "val": {
    "epoch": 50,
    "loss": 0.026291929454439218,
    "psnr": 27.578096453348795,
    "ssim": null,
    "lr": 0.0,
    "y_psnr": 27.821904797024196,
    "uv420_psnr": 43.66231727600098,
    "loss_y": null,
    "loss_uv": null,
    "psnr_y": null,
    "psnr_uv": null,
    "ssim_y": null,
    "ssim_uv": null,
    "loss_rgb": null,
    "psnr_rgb": null,
    "ssim_rgb": null
  },
  "validation_ran": true,
  "best_psnr": 27.72247421476576,
  "latest_checkpoint": "outputs\\baseline_rgb_v7_yuv420_input_tuned_bs4_vb1_nw1\\latest.pt"
}
{
  "epoch": 51,
  "train": {
    "epoch": 51,
    "loss": 0.02775190404674175,
    "psnr": 28.078538862325377,
    "ssim": null,
    "lr": 1.7185960639311305e-05,
    "y_psnr": 28.314496115776105,
    "uv420_psnr": 45.74538646848862,
    "loss_y": null,
    "loss_uv": null,
    "psnr_y": null,
    "psnr_uv": null,
    "ssim_y": null,
    "ssim_uv": null,
    "loss_rgb": null,
    "psnr_rgb": null,
    "ssim_rgb": null
  },
  "val": null,
  "validation_ran": false,
  "best_psnr": 27.72247421476576,
  "latest_checkpoint": "outputs\\baseline_rgb_v7_yuv420_input_tuned_bs4_vb1_nw1\\latest.pt"
}
{
  "epoch": 52,
  "train": {
    "epoch": 52,
    "loss": 0.028239439302097775,
    "psnr": 27.8901363793066,
    "ssim": null,
    "lr": 1.5531420683106054e-05,
    "y_psnr": 28.119634595967955,
    "uv420_psnr": 45.622061206796076,
    "loss_y": null,
    "loss_uv": null,
    "psnr_y": null,
    "psnr_uv": null,
    "ssim_y": null,
    "ssim_uv": null,
    "loss_rgb": null,
    "psnr_rgb": null,
    "ssim_rgb": null
  },
  "val": null,
  "validation_ran": false,
  "best_psnr": 27.72247421476576,
  "latest_checkpoint": "outputs\\baseline_rgb_v7_yuv420_input_tuned_bs4_vb1_nw1\\latest.pt"
}
{
  "epoch": 53,
  "train": {
    "epoch": 53,
    "loss": 0.027869024976961695,
    "psnr": 28.012076534120375,
    "ssim": null,
    "lr": 1.3946396551821753e-05,
    "y_psnr": 28.23996905957238,
    "uv420_psnr": 45.70538868877174,
    "loss_y": null,
    "loss_uv": null,
    "psnr_y": null,
    "psnr_uv": null,
    "ssim_y": null,
    "ssim_uv": null,
    "loss_rgb": null,
    "psnr_rgb": null,
    "ssim_rgb": null
  },
  "val": null,
  "validation_ran": false,
  "best_psnr": 27.72247421476576,
  "latest_checkpoint": "outputs\\baseline_rgb_v7_yuv420_input_tuned_bs4_vb1_nw1\\latest.pt"
}
{
  "epoch": 54,
  "train": {
    "epoch": 54,
    "loss": 0.027960094436476964,
    "psnr": 27.975511938838636,
    "ssim": null,
    "lr": 1.2434080273119606e-05,
    "y_psnr": 28.204424243862345,
    "uv420_psnr": 45.75663251930711,
    "loss_y": null,
    "loss_uv": null,
    "psnr_y": null,
    "psnr_uv": null,
    "ssim_y": null,
    "ssim_uv": null,
    "loss_rgb": null,
    "psnr_rgb": null,
    "ssim_rgb": null
  },
  "val": null,
  "validation_ran": false,
  "best_psnr": 27.72247421476576,
  "latest_checkpoint": "outputs\\baseline_rgb_v7_yuv420_input_tuned_bs4_vb1_nw1\\latest.pt"
}
{
  "epoch": 55,
  "train": {
    "epoch": 55,
    "loss": 0.027886608657611292,
    "psnr": 28.015598329447084,
    "ssim": null,
    "lr": 1.0997517450721884e-05,
    "y_psnr": 28.257929877372785,
    "uv420_psnr": 45.5473507056802,
    "loss_y": null,
    "loss_uv": null,
    "psnr_y": null,
    "psnr_uv": null,
    "ssim_y": null,
    "ssim_uv": null,
    "loss_rgb": null,
    "psnr_rgb": null,
    "ssim_rgb": null
  },
  "val": null,
  "validation_ran": false,
  "best_psnr": 27.72247421476576,
  "latest_checkpoint": "outputs\\baseline_rgb_v7_yuv420_input_tuned_bs4_vb1_nw1\\latest.pt"
}
{
  "epoch": 56,
  "train": {
    "epoch": 56,
    "loss": 0.028048781167694742,
    "psnr": 27.93715290026476,
    "ssim": null,
    "lr": 9.63960113097136e-06,
    "y_psnr": 28.158891521604723,
    "uv420_psnr": 45.80244136530127,
    "loss_y": null,
    "loss_uv": null,
    "psnr_y": null,
    "psnr_uv": null,
    "ssim_y": null,
    "ssim_uv": null,
    "loss_rgb": null,
    "psnr_rgb": null,
    "ssim_rgb": null
  },
  "val": null,
  "validation_ran": false,
  "best_psnr": 27.72247421476576,
  "latest_checkpoint": "outputs\\baseline_rgb_v7_yuv420_input_tuned_bs4_vb1_nw1\\latest.pt"
}
{
  "epoch": 57,
  "train": {
    "epoch": 57,
    "loss": 0.028218314198955978,
    "psnr": 27.89042509477691,
    "ssim": null,
    "lr": 8.363065976620928e-06,
    "y_psnr": 28.115821795274982,
    "uv420_psnr": 45.70112203608799,
    "loss_y": null,
    "loss_uv": null,
    "psnr_y": null,
    "psnr_uv": null,
    "ssim_y": null,
    "ssim_uv": null,
    "loss_rgb": null,
    "psnr_rgb": null,
    "ssim_rgb": null
  },
  "val": null,
  "validation_ran": false,
  "best_psnr": 27.72247421476576,
  "latest_checkpoint": "outputs\\baseline_rgb_v7_yuv420_input_tuned_bs4_vb1_nw1\\latest.pt"
}
{
  "epoch": 58,
  "train": {
    "epoch": 58,
    "loss": 0.027835149857305033,
    "psnr": 28.0082174559771,
    "ssim": null,
    "lr": 7.170482759586782e-06,
    "y_psnr": 28.241057870078222,
    "uv420_psnr": 45.724207118406134,
    "loss_y": null,
    "loss_uv": null,
    "psnr_y": null,
    "psnr_uv": null,
    "ssim_y": null,
    "ssim_uv": null,
    "loss_rgb": null,
    "psnr_rgb": null,
    "ssim_rgb": null
  },
  "val": null,
  "validation_ran": false,
  "best_psnr": 27.72247421476576,
  "latest_checkpoint": "outputs\\baseline_rgb_v7_yuv420_input_tuned_bs4_vb1_nw1\\latest.pt"
}
{
  "epoch": 59,
  "train": {
    "epoch": 59,
    "loss": 0.028006709809546584,
    "psnr": 27.907580106271862,
    "ssim": null,
    "lr": 6.064253183755929e-06,
    "y_psnr": 28.129610104749432,
    "uv420_psnr": 45.716473239963335,
    "loss_y": null,
    "loss_uv": null,
    "psnr_y": null,
    "psnr_uv": null,
    "ssim_y": null,
    "ssim_uv": null,
    "loss_rgb": null,
    "psnr_rgb": null,
    "ssim_rgb": null
  },
  "val": null,
  "validation_ran": false,
  "best_psnr": 27.72247421476576,
  "latest_checkpoint": "outputs\\baseline_rgb_v7_yuv420_input_tuned_bs4_vb1_nw1\\latest.pt"
}
{
  "epoch": 60,
  "train": {
    "epoch": 60,
    "loss": 0.027116076899745035,
    "psnr": 28.253002985722603,
    "ssim": null,
    "lr": 5.046605048274162e-06,
    "y_psnr": 28.49228056137171,
    "uv420_psnr": 45.79223235178802,
    "loss_y": null,
    "loss_uv": null,
    "psnr_y": null,
    "psnr_uv": null,
    "ssim_y": null,
    "ssim_uv": null,
    "loss_rgb": null,
    "psnr_rgb": null,
    "ssim_rgb": null
  },
  "val": {
    "epoch": 60,
    "loss": 0.025917154860993226,
    "psnr": 27.71293504503038,
    "ssim": null,
    "lr": 0.0,
    "y_psnr": 27.91574199464586,
    "uv420_psnr": 44.60793571472168,
    "loss_y": null,
    "loss_uv": null,
    "psnr_y": null,
    "psnr_uv": null,
    "ssim_y": null,
    "ssim_uv": null,
    "loss_rgb": null,
    "psnr_rgb": null,
    "ssim_rgb": null
  },
  "validation_ran": true,
  "best_psnr": 27.72247421476576,
  "latest_checkpoint": "outputs\\baseline_rgb_v7_yuv420_input_tuned_bs4_vb1_nw1\\latest.pt"
}
{
  "epoch": 61,
  "train": {
    "epoch": 61,
    "loss": 0.02786073240446253,
    "psnr": 28.033557611670197,
    "ssim": null,
    "lr": 4.119587761055043e-06,
    "y_psnr": 28.266171837930624,
    "uv420_psnr": 45.77748397784045,
    "loss_y": null,
    "loss_uv": null,
    "psnr_y": null,
    "psnr_uv": null,
    "ssim_y": null,
    "ssim_uv": null,
    "loss_rgb": null,
    "psnr_rgb": null,
    "ssim_rgb": null
  },
  "val": null,
  "validation_ran": false,
  "best_psnr": 27.72247421476576,
  "latest_checkpoint": "outputs\\baseline_rgb_v7_yuv420_input_tuned_bs4_vb1_nw1\\latest.pt"
}
{
  "epoch": 62,
  "train": {
    "epoch": 62,
    "loss": 0.027851585009382607,
    "psnr": 27.980327643917104,
    "ssim": null,
    "lr": 3.2850682115451247e-06,
    "y_psnr": 28.208570852118022,
    "uv420_psnr": 45.66618127337957,
    "loss_y": null,
    "loss_uv": null,
    "psnr_y": null,
    "psnr_uv": null,
    "ssim_y": null,
    "ssim_uv": null,
    "loss_rgb": null,
    "psnr_rgb": null,
    "ssim_rgb": null
  },
  "val": null,
  "validation_ran": false,
  "best_psnr": 27.72247421476576,
  "latest_checkpoint": "outputs\\baseline_rgb_v7_yuv420_input_tuned_bs4_vb1_nw1\\latest.pt"
}
{
  "epoch": 63,
  "train": {
    "epoch": 63,
    "loss": 0.028145561470929007,
    "psnr": 27.98152488234353,
    "ssim": null,
    "lr": 2.5447270110570818e-06,
    "y_psnr": 28.212700401995814,
    "uv420_psnr": 45.67015477627684,
    "loss_y": null,
    "loss_uv": null,
    "psnr_y": null,
    "psnr_uv": null,
    "ssim_y": null,
    "ssim_uv": null,
    "loss_rgb": null,
    "psnr_rgb": null,
    "ssim_rgb": null
  },
  "val": null,
  "validation_ran": false,
  "best_psnr": 27.72247421476576,
  "latest_checkpoint": "outputs\\baseline_rgb_v7_yuv420_input_tuned_bs4_vb1_nw1\\latest.pt"
}
{
  "epoch": 64,
  "train": {
    "epoch": 64,
    "loss": 0.027951450213411097,
    "psnr": 28.04753954397083,
    "ssim": null,
    "lr": 1.9000551082421282e-06,
    "y_psnr": 28.275245968231374,
    "uv420_psnr": 45.82745314991407,
    "loss_y": null,
    "loss_uv": null,
    "psnr_y": null,
    "psnr_uv": null,
    "ssim_y": null,
    "ssim_uv": null,
    "loss_rgb": null,
    "psnr_rgb": null,
    "ssim_rgb": null
  },
  "val": null,
  "validation_ran": false,
  "best_psnr": 27.72247421476576,
  "latest_checkpoint": "outputs\\baseline_rgb_v7_yuv420_input_tuned_bs4_vb1_nw1\\latest.pt"
}
{
  "epoch": 65,
  "train": {
    "epoch": 65,
    "loss": 0.027398193305053112,
    "psnr": 28.168411755965927,
    "ssim": null,
    "lr": 1.3523507865179284e-06,
    "y_psnr": 28.400414865569207,
    "uv420_psnr": 45.80074381424209,
    "loss_y": null,
    "loss_uv": null,
    "psnr_y": null,
    "psnr_uv": null,
    "ssim_y": null,
    "ssim_uv": null,
    "loss_rgb": null,
    "psnr_rgb": null,
    "ssim_rgb": null
  },
  "val": null,
  "validation_ran": false,
  "best_psnr": 27.72247421476576,
  "latest_checkpoint": "outputs\\baseline_rgb_v7_yuv420_input_tuned_bs4_vb1_nw1\\latest.pt"
}
{
  "epoch": 66,
  "train": {
    "epoch": 66,
    "loss": 0.028305407688495213,
    "psnr": 27.868020192377983,
    "ssim": null,
    "lr": 9.027170494984696e-07,
    "y_psnr": 28.10168379982986,
    "uv420_psnr": 45.49710340553758,
    "loss_y": null,
    "loss_uv": null,
    "psnr_y": null,
    "psnr_uv": null,
    "ssim_y": null,
    "ssim_uv": null,
    "loss_rgb": null,
    "psnr_rgb": null,
    "ssim_rgb": null
  },
  "val": null,
  "validation_ran": false,
  "best_psnr": 27.72247421476576,
  "latest_checkpoint": "outputs\\baseline_rgb_v7_yuv420_input_tuned_bs4_vb1_nw1\\latest.pt"
}
{
  "epoch": 67,
  "train": {
    "epoch": 67,
    "loss": 0.027694783576022265,
    "psnr": 28.06682513393251,
    "ssim": null,
    "lr": 5.520593996916737e-07,
    "y_psnr": 28.289454082984708,
    "uv420_psnr": 45.875358894046414,
    "loss_y": null,
    "loss_uv": null,
    "psnr_y": null,
    "psnr_uv": null,
    "ssim_y": null,
    "ssim_uv": null,
    "loss_rgb": null,
    "psnr_rgb": null,
    "ssim_rgb": null
  },
  "val": null,
  "validation_ran": false,
  "best_psnr": 27.72247421476576,
  "latest_checkpoint": "outputs\\baseline_rgb_v7_yuv420_input_tuned_bs4_vb1_nw1\\latest.pt"
}
{
  "epoch": 68,
  "train": {
    "epoch": 68,
    "loss": 0.027943527112888583,
    "psnr": 27.937311118605447,
    "ssim": null,
    "lr": 3.010840149378189e-07,
    "y_psnr": 28.15264694300075,
    "uv420_psnr": 45.793056013893946,
    "loss_y": null,
    "loss_uv": null,
    "psnr_y": null,
    "psnr_uv": null,
    "ssim_y": null,
    "ssim_uv": null,
    "loss_rgb": null,
    "psnr_rgb": null,
    "ssim_rgb": null
  },
  "val": null,
  "validation_ran": false,
  "best_psnr": 27.72247421476576,
  "latest_checkpoint": "outputs\\baseline_rgb_v7_yuv420_input_tuned_bs4_vb1_nw1\\latest.pt"
}
{
  "epoch": 69,
  "train": {
    "epoch": 69,
    "loss": 0.02748322044630761,
    "psnr": 28.188597059519278,
    "ssim": null,
    "lr": 1.5029632626133746e-07,
    "y_psnr": 28.4233855554613,
    "uv420_psnr": 45.776915598723846,
    "loss_y": null,
    "loss_uv": null,
    "psnr_y": null,
    "psnr_uv": null,
    "ssim_y": null,
    "ssim_uv": null,
    "loss_rgb": null,
    "psnr_rgb": null,
    "ssim_rgb": null
  },
  "val": null,
  "validation_ran": false,
  "best_psnr": 27.72247421476576,
  "latest_checkpoint": "outputs\\baseline_rgb_v7_yuv420_input_tuned_bs4_vb1_nw1\\latest.pt"
}
{
  "epoch": 70,
  "train": {
    "epoch": 70,
    "loss": 0.02757544979179478,
    "psnr": 28.14783885115284,
    "ssim": null,
    "lr": 1e-07,
    "y_psnr": 28.383597508662163,
    "uv420_psnr": 45.85365633775959,
    "loss_y": null,
    "loss_uv": null,
    "psnr_y": null,
    "psnr_uv": null,
    "ssim_y": null,
    "ssim_uv": null,
    "loss_rgb": null,
    "psnr_rgb": null,
    "ssim_rgb": null
  },
  "val": {
    "epoch": 70,
    "loss": 0.02593466137121949,
    "psnr": 27.70521708594428,
    "ssim": null,
    "lr": 0.0,
    "y_psnr": 27.90958152347141,
    "uv420_psnr": 44.54460830688477,
    "loss_y": null,
    "loss_uv": null,
    "psnr_y": null,
    "psnr_uv": null,
    "ssim_y": null,
    "ssim_uv": null,
    "loss_rgb": null,
    "psnr_rgb": null,
    "ssim_rgb": null
  },
  "validation_ran": true,
  "best_psnr": 27.72247421476576,
  "latest_checkpoint": "outputs\\baseline_rgb_v7_yuv420_input_tuned_bs4_vb1_nw1\\latest.pt"
}
