{
  "epoch": 1,
  "train": {
    "epoch": 1,
    "loss": 0.0351935329789159,
    "psnr": 26.087603865370237,
    "ssim": null,
    "lr": 9.99497036737386e-05,
    "y_psnr": 26.454837793684277,
    "uv420_psnr": 41.52421814438987,
    "loss_y": 0.03322460752054207,
    "loss_uv": 0.006642262617094537,
    "psnr_y": 26.454837793684277,
    "psnr_uv": 41.52421814438987,
    "ssim_y": null,
    "ssim_uv": null,
    "loss_rgb": 0.0351935329789159,
    "psnr_rgb": 26.087603865370237,
    "ssim_rgb": null
  },
  "val": null,
  "validation_ran": false,
  "best_psnr": null,
  "latest_checkpoint": "outputs\\frequency_domain_low_frequency_fusion_v2_rgb_objective_bs4_vb1_nw6\\latest.pt"
}
{
  "epoch": 2,
  "train": {
    "epoch": 2,
    "loss": 0.03180885374398723,
    "psnr": 26.931458677949205,
    "ssim": null,
    "lr": 9.979891598506222e-05,
    "y_psnr": 27.239895955317436,
    "uv420_psnr": 43.17213012134962,
    "loss_y": 0.030379651403738616,
    "loss_uv": 0.004952704754926391,
    "psnr_y": 27.239895955317436,
    "psnr_uv": 43.17213012134962,
    "ssim_y": null,
    "ssim_uv": null,
    "loss_rgb": 0.03180885374398723,
    "psnr_rgb": 26.931458677949205,
    "ssim_rgb": null
  },
  "val": null,
  "validation_ran": false,
  "best_psnr": null,
  "latest_checkpoint": "outputs\\frequency_domain_low_frequency_fusion_v2_rgb_objective_bs4_vb1_nw6\\latest.pt"
}
{
  "epoch": 3,
  "train": {
    "epoch": 3,
    "loss": 0.03073668759316206,
    "psnr": 27.198350518436754,
    "ssim": null,
    "lr": 9.95479406003085e-05,
    "y_psnr": 27.519159785771773,
    "uv420_psnr": 43.419601526637535,
    "loss_y": 0.02926283583076576,
    "loss_uv": 0.004819816104688887,
    "psnr_y": 27.519159785771773,
    "psnr_uv": 43.419601526637535,
    "ssim_y": null,
    "ssim_uv": null,
    "loss_rgb": 0.03073668759316206,
    "psnr_rgb": 27.198350518436754,
    "ssim_rgb": null
  },
  "val": null,
  "validation_ran": false,
  "best_psnr": null,
  "latest_checkpoint": "outputs\\frequency_domain_low_frequency_fusion_v2_rgb_objective_bs4_vb1_nw6\\latest.pt"
}
{
  "epoch": 4,
  "train": {
    "epoch": 4,
    "loss": 0.029922474030994593,
    "psnr": 27.41991821116647,
    "ssim": null,
    "lr": 9.91972829505016e-05,
    "y_psnr": 27.713878728575626,
    "uv420_psnr": 44.11207580566406,
    "loss_y": 0.02861671478850609,
    "loss_uv": 0.004494713497016642,
    "psnr_y": 27.713878728575626,
    "psnr_uv": 44.11207580566406,
    "ssim_y": null,
    "ssim_uv": null,
    "loss_rgb": 0.029922474030994593,
    "psnr_rgb": 27.41991821116647,
    "ssim_rgb": null
  },
  "val": null,
  "validation_ran": false,
  "best_psnr": null,
  "latest_checkpoint": "outputs\\frequency_domain_low_frequency_fusion_v2_rgb_objective_bs4_vb1_nw6\\latest.pt"
}
{
  "epoch": 5,
  "train": {
    "epoch": 5,
    "loss": 0.02984353638185704,
    "psnr": 27.517505812779657,
    "ssim": null,
    "lr": 9.874764921348218e-05,
    "y_psnr": 27.813277039824232,
    "uv420_psnr": 44.30567549581582,
    "loss_y": 0.028573487956329423,
    "loss_uv": 0.004413232985373565,
    "psnr_y": 27.813277039824232,
    "psnr_uv": 44.30567549581582,
    "ssim_y": null,
    "ssim_uv": null,
    "loss_rgb": 0.02984353638185704,
    "psnr_rgb": 27.517505812779657,
    "ssim_rgb": null
  },
  "val": null,
  "validation_ran": false,
  "best_psnr": null,
  "latest_checkpoint": "outputs\\frequency_domain_low_frequency_fusion_v2_rgb_objective_bs4_vb1_nw6\\latest.pt"
}
{
  "epoch": 6,
  "train": {
    "epoch": 6,
    "loss": 0.029455353484862605,
    "psnr": 27.556312566423145,
    "ssim": null,
    "lr": 9.819994489175794e-05,
    "y_psnr": 27.837740445541122,
    "uv420_psnr": 44.42529358298091,
    "loss_y": 0.028224457994545416,
    "loss_uv": 0.004310171237599504,
    "psnr_y": 27.837740445541122,
    "psnr_uv": 44.42529358298091,
    "ssim_y": null,
    "ssim_uv": null,
    "loss_rgb": 0.029455353484862605,
    "psnr_rgb": 27.556312566423145,
    "ssim_rgb": null
  },
  "val": null,
  "validation_ran": false,
  "best_psnr": null,
  "latest_checkpoint": "outputs\\frequency_domain_low_frequency_fusion_v2_rgb_objective_bs4_vb1_nw6\\latest.pt"
}
{
  "epoch": 7,
  "train": {
    "epoch": 7,
    "loss": 0.029332967622384513,
    "psnr": 27.55347960951638,
    "ssim": null,
    "lr": 9.755527298894288e-05,
    "y_psnr": 27.816265359436724,
    "uv420_psnr": 44.594164282588636,
    "loss_y": 0.02814577723784888,
    "loss_uv": 0.004245860320594856,
    "psnr_y": 27.816265359436724,
    "psnr_uv": 44.594164282588636,
    "ssim_y": null,
    "ssim_uv": null,
    "loss_rgb": 0.029332967622384513,
    "psnr_rgb": 27.55347960951638,
    "ssim_rgb": null
  },
  "val": null,
  "validation_ran": false,
  "best_psnr": null,
  "latest_checkpoint": "outputs\\frequency_domain_low_frequency_fusion_v2_rgb_objective_bs4_vb1_nw6\\latest.pt"
}
{
  "epoch": 8,
  "train": {
    "epoch": 8,
    "loss": 0.029157039712020064,
    "psnr": 27.62949067994026,
    "ssim": null,
    "lr": 9.68149317884547e-05,
    "y_psnr": 27.88765204154839,
    "uv420_psnr": 44.76298964764439,
    "loss_y": 0.028004163747264,
    "loss_uv": 0.004176827918443471,
    "psnr_y": 27.88765204154839,
    "psnr_uv": 44.76298964764439,
    "ssim_y": null,
    "ssim_uv": null,
    "loss_rgb": 0.029157039712020064,
    "psnr_rgb": 27.62949067994026,
    "ssim_rgb": null
  },
  "val": null,
  "validation_ran": false,
  "best_psnr": null,
  "latest_checkpoint": "outputs\\frequency_domain_low_frequency_fusion_v2_rgb_objective_bs4_vb1_nw6\\latest.pt"
}
{
  "epoch": 9,
  "train": {
    "epoch": 9,
    "loss": 0.028993375486257553,
    "psnr": 27.66260121232372,
    "ssim": null,
    "lr": 9.598041223894476e-05,
    "y_psnr": 27.929688195050772,
    "uv420_psnr": 44.70599025790974,
    "loss_y": 0.027833630446618223,
    "loss_uv": 0.004177056941911473,
    "psnr_y": 27.929688195050772,
    "psnr_uv": 44.70599025790974,
    "ssim_y": null,
    "ssim_uv": null,
    "loss_rgb": 0.028993375486257553,
    "psnr_rgb": 27.66260121232372,
    "ssim_rgb": null
  },
  "val": null,
  "validation_ran": false,
  "best_psnr": null,
  "latest_checkpoint": "outputs\\frequency_domain_low_frequency_fusion_v2_rgb_objective_bs4_vb1_nw6\\latest.pt"
}
{
  "epoch": 10,
  "train": {
    "epoch": 10,
    "loss": 0.029149192364328662,
    "psnr": 27.649936848441087,
    "ssim": null,
    "lr": 9.505339495172572e-05,
    "y_psnr": 27.91263926770054,
    "uv420_psnr": 44.80497919502905,
    "loss_y": 0.028020287871802763,
    "loss_uv": 0.004155559999352626,
    "psnr_y": 27.91263926770054,
    "psnr_uv": 44.80497919502905,
    "ssim_y": null,
    "ssim_uv": null,
    "loss_rgb": 0.029149192364328662,
    "psnr_rgb": 27.649936848441087,
    "ssim_rgb": null
  },
  "val": {
    "epoch": 10,
    "loss": 0.026354645223667223,
    "psnr": 27.547875340779623,
    "ssim": null,
    "lr": 0.0,
    "y_psnr": 27.67718684938219,
    "uv420_psnr": 46.042206552293564,
    "loss_y": 0.02561903710787495,
    "loss_uv": 0.003181140485038567,
    "psnr_y": 27.67718684938219,
    "psnr_uv": 46.042206552293564,
    "ssim_y": null,
    "ssim_uv": null,
    "loss_rgb": 0.026354645223667223,
    "psnr_rgb": 27.547875340779623,
    "ssim_rgb": null
  },
  "validation_ran": true,
  "best_psnr": 27.547875340779623,
  "latest_checkpoint": "outputs\\frequency_domain_low_frequency_fusion_v2_rgb_objective_bs4_vb1_nw6\\latest.pt"
}
{
  "epoch": 11,
  "train": {
    "epoch": 11,
    "loss": 0.02832442744356175,
    "psnr": 27.846808546680514,
    "ssim": null,
    "lr": 9.403574681624391e-05,
    "y_psnr": 28.10906517438296,
    "uv420_psnr": 44.99573328266036,
    "loss_y": 0.02720578902764088,
    "loss_uv": 0.004083431772769318,
    "psnr_y": 28.10906517438296,
    "psnr_uv": 44.99573328266036,
    "ssim_y": null,
    "ssim_uv": null,
    "loss_rgb": 0.02832442744356175,
    "psnr_rgb": 27.846808546680514,
    "ssim_rgb": null
  },
  "val": null,
  "validation_ran": false,
  "best_psnr": 27.547875340779623,
  "latest_checkpoint": "outputs\\frequency_domain_low_frequency_fusion_v2_rgb_objective_bs4_vb1_nw6\\latest.pt"
}
{
  "epoch": 12,
  "train": {
    "epoch": 12,
    "loss": 0.028879840195305265,
    "psnr": 27.716004323151154,
    "ssim": null,
    "lr": 9.292951724041303e-05,
    "y_psnr": 27.961012242204053,
    "uv420_psnr": 45.00679302754375,
    "loss_y": 0.02779784294024194,
    "loss_uv": 0.004065583961539623,
    "psnr_y": 27.961012242204053,
    "psnr_uv": 45.00679302754375,
    "ssim_y": null,
    "ssim_uv": null,
    "loss_rgb": 0.028879840195305265,
    "psnr_rgb": 27.716004323151154,
    "ssim_rgb": null
  },
  "val": null,
  "validation_ran": false,
  "best_psnr": 27.547875340779623,
  "latest_checkpoint": "outputs\\frequency_domain_low_frequency_fusion_v2_rgb_objective_bs4_vb1_nw6\\latest.pt"
}
{
  "epoch": 13,
  "train": {
    "epoch": 13,
    "loss": 0.028783241957741772,
    "psnr": 27.73100163842325,
    "ssim": null,
    "lr": 9.173693402337883e-05,
    "y_psnr": 27.973419070917334,
    "uv420_psnr": 45.01849924507788,
    "loss_y": 0.027731747787424738,
    "loss_uv": 0.004016747543625113,
    "psnr_y": 27.973419070917334,
    "psnr_uv": 45.01849924507788,
    "ssim_y": null,
    "ssim_uv": null,
    "loss_rgb": 0.028783241957741772,
    "psnr_rgb": 27.73100163842325,
    "ssim_rgb": null
  },
  "val": null,
  "validation_ran": false,
  "best_psnr": 27.547875340779623,
  "latest_checkpoint": "outputs\\frequency_domain_low_frequency_fusion_v2_rgb_objective_bs4_vb1_nw6\\latest.pt"
}
{
  "epoch": 14,
  "train": {
    "epoch": 14,
    "loss": 0.028304852269021637,
    "psnr": 27.880361217563436,
    "ssim": null,
    "lr": 9.04603988690284e-05,
    "y_psnr": 28.11852776263393,
    "uv420_psnr": 45.308828246122026,
    "loss_y": 0.027296690551806137,
    "loss_uv": 0.0038729705518942936,
    "psnr_y": 28.11852776263393,
    "psnr_uv": 45.308828246122026,
    "ssim_y": null,
    "ssim_uv": null,
    "loss_rgb": 0.028304852269021637,
    "psnr_rgb": 27.880361217563436,
    "ssim_rgb": null
  },
  "val": null,
  "validation_ran": false,
  "best_psnr": 27.547875340779623,
  "latest_checkpoint": "outputs\\frequency_domain_low_frequency_fusion_v2_rgb_objective_bs4_vb1_nw6\\latest.pt"
}
{
  "epoch": 15,
  "train": {
    "epoch": 15,
    "loss": 0.02798694492933356,
    "psnr": 27.9020755358335,
    "ssim": null,
    "lr": 8.910248254927775e-05,
    "y_psnr": 28.137864414581472,
    "uv420_psnr": 45.3616757581463,
    "loss_y": 0.02696858359353438,
    "loss_uv": 0.0038661761347488577,
    "psnr_y": 28.137864414581472,
    "psnr_uv": 45.3616757581463,
    "ssim_y": null,
    "ssim_uv": null,
    "loss_rgb": 0.02798694492933356,
    "psnr_rgb": 27.9020755358335,
    "ssim_rgb": null
  },
  "val": null,
  "validation_ran": false,
  "best_psnr": 27.547875340779623,
  "latest_checkpoint": "outputs\\frequency_domain_low_frequency_fusion_v2_rgb_objective_bs4_vb1_nw6\\latest.pt"
}
{
  "epoch": 16,
  "train": {
    "epoch": 16,
    "loss": 0.02849558803994777,
    "psnr": 27.82196542772196,
    "ssim": null,
    "lr": 8.76659197268801e-05,
    "y_psnr": 28.05378664954234,
    "uv420_psnr": 45.357771081439516,
    "loss_y": 0.027521705183879298,
    "loss_uv": 0.0038279428848560035,
    "psnr_y": 28.05378664954234,
    "psnr_uv": 45.357771081439516,
    "ssim_y": null,
    "ssim_uv": null,
    "loss_rgb": 0.02849558803994777,
    "psnr_rgb": 27.82196542772196,
    "ssim_rgb": null
  },
  "val": null,
  "validation_ran": false,
  "best_psnr": 27.547875340779623,
  "latest_checkpoint": "outputs\\frequency_domain_low_frequency_fusion_v2_rgb_objective_bs4_vb1_nw6\\latest.pt"
}
{
  "epoch": 17,
  "train": {
    "epoch": 17,
    "loss": 0.02861850728849107,
    "psnr": 27.781788443441446,
    "ssim": null,
    "lr": 8.615360344817789e-05,
    "y_psnr": 28.007421358830513,
    "uv420_psnr": 45.38720498381362,
    "loss_y": 0.027645483444639518,
    "loss_uv": 0.00382681662679813,
    "psnr_y": 28.007421358830513,
    "psnr_uv": 45.38720498381362,
    "ssim_y": null,
    "ssim_uv": null,
    "loss_rgb": 0.02861850728849107,
    "psnr_rgb": 27.781788443441446,
    "ssim_rgb": null
  },
  "val": null,
  "validation_ran": false,
  "best_psnr": 27.547875340779623,
  "latest_checkpoint": "outputs\\frequency_domain_low_frequency_fusion_v2_rgb_objective_bs4_vb1_nw6\\latest.pt"
}
{
  "epoch": 18,
  "train": {
    "epoch": 18,
    "loss": 0.028075512559126832,
    "psnr": 27.905241174212957,
    "ssim": null,
    "lr": 8.456857931689339e-05,
    "y_psnr": 28.136059567079705,
    "uv420_psnr": 45.42612924952965,
    "loss_y": 0.02709764818329427,
    "loss_uv": 0.0038024491698239104,
    "psnr_y": 28.136059567079705,
    "psnr_uv": 45.42612924952965,
    "ssim_y": null,
    "ssim_uv": null,
    "loss_rgb": 0.028075512559126832,
    "psnr_rgb": 27.905241174212957,
    "ssim_rgb": null
  },
  "val": null,
  "validation_ran": false,
  "best_psnr": 27.547875340779623,
  "latest_checkpoint": "outputs\\frequency_domain_low_frequency_fusion_v2_rgb_objective_bs4_vb1_nw6\\latest.pt"
}
{
  "epoch": 19,
  "train": {
    "epoch": 19,
    "loss": 0.027982575784695183,
    "psnr": 28.011344117633367,
    "ssim": null,
    "lr": 8.2914039360688e-05,
    "y_psnr": 28.250891599277992,
    "uv420_psnr": 45.484474807135804,
    "loss_y": 0.02700192606244973,
    "loss_uv": 0.003774441371206194,
    "psnr_y": 28.250891599277992,
    "psnr_uv": 45.484474807135804,
    "ssim_y": null,
    "ssim_uv": null,
    "loss_rgb": 0.027982575784695183,
    "psnr_rgb": 28.011344117633367,
    "ssim_rgb": null
  },
  "val": null,
  "validation_ran": false,
  "best_psnr": 27.547875340779623,
  "latest_checkpoint": "outputs\\frequency_domain_low_frequency_fusion_v2_rgb_objective_bs4_vb1_nw6\\latest.pt"
}
{
  "epoch": 20,
  "train": {
    "epoch": 20,
    "loss": 0.028442201920190438,
    "psnr": 27.848699499658274,
    "ssim": null,
    "lr": 8.119331560284317e-05,
    "y_psnr": 28.069513784290034,
    "uv420_psnr": 45.601038604132874,
    "loss_y": 0.027489949023024846,
    "loss_uv": 0.0037474691592246337,
    "psnr_y": 28.069513784290034,
    "psnr_uv": 45.601038604132874,
    "ssim_y": null,
    "ssim_uv": null,
    "loss_rgb": 0.028442201920190438,
    "psnr_rgb": 27.848699499658274,
    "ssim_rgb": null
  },
  "val": {
    "epoch": 20,
    "loss": 0.025745262743698226,
    "psnr": 27.745709927876792,
    "ssim": null,
    "lr": 0.0,
    "y_psnr": 27.866681575775146,
    "uv420_psnr": 46.45234050750732,
    "loss_y": 0.025050390547969276,
    "loss_uv": 0.0030546569938047063,
    "psnr_y": 27.866681575775146,
    "psnr_uv": 46.45234050750732,
    "ssim_y": null,
    "ssim_uv": null,
    "loss_rgb": 0.025745262743698226,
    "psnr_rgb": 27.745709927876792,
    "ssim_rgb": null
  },
  "validation_ran": true,
  "best_psnr": 27.745709927876792,
  "latest_checkpoint": "outputs\\frequency_domain_low_frequency_fusion_v2_rgb_objective_bs4_vb1_nw6\\latest.pt"
}
{
  "epoch": 21,
  "train": {
    "epoch": 21,
    "loss": 0.02808636922315605,
    "psnr": 27.898846787921453,
    "ssim": null,
    "lr": 7.940987335200856e-05,
    "y_psnr": 28.13042451567569,
    "uv420_psnr": 45.40531725263865,
    "loss_y": 0.027112389251716055,
    "loss_uv": 0.0037775527808215407,
    "psnr_y": 28.13042451567569,
    "psnr_uv": 45.40531725263865,
    "ssim_y": null,
    "ssim_uv": null,
    "loss_rgb": 0.02808636922315605,
    "psnr_rgb": 27.898846787921453,
    "ssim_rgb": null
  },
  "val": null,
  "validation_ran": false,
  "best_psnr": 27.745709927876792,
  "latest_checkpoint": "outputs\\frequency_domain_low_frequency_fusion_v2_rgb_objective_bs4_vb1_nw6\\latest.pt"
}
{
  "epoch": 22,
  "train": {
    "epoch": 22,
    "loss": 0.027804356189392043,
    "psnr": 28.017851021330234,
    "ssim": null,
    "lr": 7.756730422353213e-05,
    "y_psnr": 28.253358102787686,
    "uv420_psnr": 45.49675939312089,
    "loss_y": 0.026840013985937765,
    "loss_uv": 0.0037363230870342103,
    "psnr_y": 28.253358102787686,
    "psnr_uv": 45.49675939312089,
    "ssim_y": null,
    "ssim_uv": null,
    "loss_rgb": 0.027804356189392043,
    "psnr_rgb": 28.017851021330234,
    "ssim_rgb": null
  },
  "val": null,
  "validation_ran": false,
  "best_psnr": 27.745709927876792,
  "latest_checkpoint": "outputs\\frequency_domain_low_frequency_fusion_v2_rgb_objective_bs4_vb1_nw6\\latest.pt"
}
{
  "epoch": 23,
  "train": {
    "epoch": 23,
    "loss": 0.028056627347286645,
    "psnr": 27.9141105339352,
    "ssim": null,
    "lr": 7.56693189064247e-05,
    "y_psnr": 28.129082000861732,
    "uv420_psnr": 45.60967041274249,
    "loss_y": 0.027114479744670083,
    "loss_uv": 0.0037267128716612307,
    "psnr_y": 28.129082000861732,
    "psnr_uv": 45.60967041274249,
    "ssim_y": null,
    "ssim_uv": null,
    "loss_rgb": 0.028056627347286645,
    "psnr_rgb": 27.9141105339352,
    "ssim_rgb": null
  },
  "val": null,
  "validation_ran": false,
  "best_psnr": 27.745709927876792,
  "latest_checkpoint": "outputs\\frequency_domain_low_frequency_fusion_v2_rgb_objective_bs4_vb1_nw6\\latest.pt"
}
{
  "epoch": 24,
  "train": {
    "epoch": 24,
    "loss": 0.027893546226797468,
    "psnr": 27.96710348937471,
    "ssim": null,
    "lr": 7.371973969052615e-05,
    "y_psnr": 28.195572448989093,
    "uv420_psnr": 45.566481164619745,
    "loss_y": 0.02694022896473354,
    "loss_uv": 0.0037238786735645586,
    "psnr_y": 28.195572448989093,
    "psnr_uv": 45.566481164619745,
    "ssim_y": null,
    "ssim_uv": null,
    "loss_rgb": 0.027893546226797468,
    "psnr_rgb": 27.96710348937471,
    "ssim_rgb": null
  },
  "val": null,
  "validation_ran": false,
  "best_psnr": 27.745709927876792,
  "latest_checkpoint": "outputs\\frequency_domain_low_frequency_fusion_v2_rgb_objective_bs4_vb1_nw6\\latest.pt"
}
{
  "epoch": 25,
  "train": {
    "epoch": 25,
    "loss": 0.027515569375564822,
    "psnr": 28.028318162691797,
    "ssim": null,
    "lr": 7.172249276892194e-05,
    "y_psnr": 28.259846919000484,
    "uv420_psnr": 45.62082782034147,
    "loss_y": 0.026544114956263937,
    "loss_uv": 0.0037116235303613593,
    "psnr_y": 28.259846919000484,
    "psnr_uv": 45.62082782034147,
    "ssim_y": null,
    "ssim_uv": null,
    "loss_rgb": 0.027515569375564822,
    "psnr_rgb": 28.028318162691797,
    "ssim_rgb": null
  },
  "val": null,
  "validation_ran": false,
  "best_psnr": 27.745709927876792,
  "latest_checkpoint": "outputs\\frequency_domain_low_frequency_fusion_v2_rgb_objective_bs4_vb1_nw6\\latest.pt"
}
{
  "epoch": 26,
  "train": {
    "epoch": 26,
    "loss": 0.027896970965620656,
    "psnr": 27.961150099328684,
    "ssim": null,
    "lr": 6.968160033111351e-05,
    "y_psnr": 28.184451959900937,
    "uv420_psnr": 45.57883010476323,
    "loss_y": 0.026957963759048006,
    "loss_uv": 0.0037144477562031757,
    "psnr_y": 28.184451959900937,
    "psnr_uv": 45.57883010476323,
    "ssim_y": null,
    "ssim_uv": null,
    "loss_rgb": 0.027896970965620656,
    "psnr_rgb": 27.961150099328684,
    "ssim_rgb": null
  },
  "val": null,
  "validation_ran": false,
  "best_psnr": 27.745709927876792,
  "latest_checkpoint": "outputs\\frequency_domain_low_frequency_fusion_v2_rgb_objective_bs4_vb1_nw6\\latest.pt"
}
{
  "epoch": 27,
  "train": {
    "epoch": 27,
    "loss": 0.028308181460462722,
    "psnr": 27.907200355314266,
    "ssim": null,
    "lr": 6.760117246286303e-05,
    "y_psnr": 28.138462422257764,
    "uv420_psnr": 45.4985779799984,
    "loss_y": 0.027344285489433566,
    "loss_uv": 0.003764604255793837,
    "psnr_y": 28.138462422257764,
    "psnr_uv": 45.4985779799984,
    "ssim_y": null,
    "ssim_uv": null,
    "loss_rgb": 0.028308181460462722,
    "psnr_rgb": 27.907200355314266,
    "ssim_rgb": null
  },
  "val": null,
  "validation_ran": false,
  "best_psnr": 27.745709927876792,
  "latest_checkpoint": "outputs\\frequency_domain_low_frequency_fusion_v2_rgb_objective_bs4_vb1_nw6\\latest.pt"
}
{
  "epoch": 28,
  "train": {
    "epoch": 28,
    "loss": 0.027852218290317362,
    "psnr": 28.00061897773527,
    "ssim": null,
    "lr": 6.548539886902863e-05,
    "y_psnr": 28.22383111748992,
    "uv420_psnr": 45.73727655141367,
    "loss_y": 0.02693303011747151,
    "loss_uv": 0.003635931718307889,
    "psnr_y": 28.22383111748992,
    "psnr_uv": 45.73727655141367,
    "ssim_y": null,
    "ssim_uv": null,
    "loss_rgb": 0.027852218290317362,
    "psnr_rgb": 28.00061897773527,
    "ssim_rgb": null
  },
  "val": null,
  "validation_ran": false,
  "best_psnr": 27.745709927876792,
  "latest_checkpoint": "outputs\\frequency_domain_low_frequency_fusion_v2_rgb_objective_bs4_vb1_nw6\\latest.pt"
}
{
  "epoch": 29,
  "train": {
    "epoch": 29,
    "loss": 0.027972730408070114,
    "psnr": 27.9924581495382,
    "ssim": null,
    "lr": 6.333854043605545e-05,
    "y_psnr": 28.22014441193834,
    "uv420_psnr": 45.67297695181464,
    "loss_y": 0.02703864613316406,
    "loss_uv": 0.003686866715766153,
    "psnr_y": 28.22014441193834,
    "psnr_uv": 45.67297695181464,
    "ssim_y": null,
    "ssim_uv": null,
    "loss_rgb": 0.027972730408070114,
    "psnr_rgb": 27.9924581495382,
    "ssim_rgb": null
  },
  "val": null,
  "validation_ran": false,
  "best_psnr": 27.745709927876792,
  "latest_checkpoint": "outputs\\frequency_domain_low_frequency_fusion_v2_rgb_objective_bs4_vb1_nw6\\latest.pt"
}
{
  "epoch": 30,
  "train": {
    "epoch": 30,
    "loss": 0.028148396356336477,
    "psnr": 27.940235256475244,
    "ssim": null,
    "lr": 6.116492065111787e-05,
    "y_psnr": 28.16380789050948,
    "uv420_psnr": 45.67525908906581,
    "loss_y": 0.027228092359073756,
    "loss_uv": 0.0036491103303266195,
    "psnr_y": 28.16380789050948,
    "psnr_uv": 45.67525908906581,
    "ssim_y": null,
    "ssim_uv": null,
    "loss_rgb": 0.028148396356336477,
    "psnr_rgb": 27.940235256475244,
    "ssim_rgb": null
  },
  "val": {
    "epoch": 30,
    "loss": 0.025474429689347745,
    "psnr": 27.82451253467136,
    "ssim": null,
    "lr": 0.0,
    "y_psnr": 27.942623975541856,
    "uv420_psnr": 46.7065157784356,
    "loss_y": 0.024804871803563503,
    "loss_uv": 0.0029518394556362184,
    "psnr_y": 27.942623975541856,
    "psnr_uv": 46.7065157784356,
    "ssim_y": null,
    "ssim_uv": null,
    "loss_rgb": 0.025474429689347745,
    "psnr_rgb": 27.82451253467136,
    "ssim_rgb": null
  },
  "validation_ran": true,
  "best_psnr": 27.82451253467136,
  "latest_checkpoint": "outputs\\frequency_domain_low_frequency_fusion_v2_rgb_objective_bs4_vb1_nw6\\latest.pt"
}
{
  "epoch": 31,
  "train": {
    "epoch": 31,
    "loss": 0.02756149047133276,
    "psnr": 28.105234604097355,
    "ssim": null,
    "lr": 5.8968916895191894e-05,
    "y_psnr": 28.33506492571642,
    "uv420_psnr": 45.70069936978615,
    "loss_y": 0.026618474252564084,
    "loss_uv": 0.0036743885037057774,
    "psnr_y": 28.33506492571642,
    "psnr_uv": 45.70069936978615,
    "ssim_y": null,
    "ssim_uv": null,
    "loss_rgb": 0.02756149047133276,
    "psnr_rgb": 28.105234604097355,
    "ssim_rgb": null
  },
  "val": null,
  "validation_ran": false,
  "best_psnr": 27.82451253467136,
  "latest_checkpoint": "outputs\\frequency_domain_low_frequency_fusion_v2_rgb_objective_bs4_vb1_nw6\\latest.pt"
}
{
  "epoch": 32,
  "train": {
    "epoch": 32,
    "loss": 0.027936803005993535,
    "psnr": 27.90896646855241,
    "ssim": null,
    "lr": 5.675495162759185e-05,
    "y_psnr": 28.117514701886364,
    "uv420_psnr": 45.70464715041683,
    "loss_y": 0.027040663422585206,
    "loss_uv": 0.0036257252522670573,
    "psnr_y": 28.117514701886364,
    "psnr_uv": 45.70464715041683,
    "ssim_y": null,
    "ssim_uv": null,
    "loss_rgb": 0.027936803005993535,
    "psnr_rgb": 27.90896646855241,
    "ssim_rgb": null
  },
  "val": null,
  "validation_ran": false,
  "best_psnr": 27.82451253467136,
  "latest_checkpoint": "outputs\\frequency_domain_low_frequency_fusion_v2_rgb_objective_bs4_vb1_nw6\\latest.pt"
}
{
  "epoch": 33,
  "train": {
    "epoch": 33,
    "loss": 0.027786525616180256,
    "psnr": 27.928617843800346,
    "ssim": null,
    "lr": 5.452748347972644e-05,
    "y_psnr": 28.14708093330685,
    "uv420_psnr": 45.648242379312464,
    "loss_y": 0.026855273856281562,
    "loss_uv": 0.003681677544560536,
    "psnr_y": 28.14708093330685,
    "psnr_uv": 45.648242379312464,
    "ssim_y": null,
    "ssim_uv": null,
    "loss_rgb": 0.027786525616180256,
    "psnr_rgb": 27.928617843800346,
    "ssim_rgb": null
  },
  "val": null,
  "validation_ran": false,
  "best_psnr": 27.82451253467136,
  "latest_checkpoint": "outputs\\frequency_domain_low_frequency_fusion_v2_rgb_objective_bs4_vb1_nw6\\latest.pt"
}
{
  "epoch": 34,
  "train": {
    "epoch": 34,
    "loss": 0.02775781321744461,
    "psnr": 28.056294899202335,
    "ssim": null,
    "lr": 5.229099827600806e-05,
    "y_psnr": 28.270752055496818,
    "uv420_psnr": 45.88330327050161,
    "loss_y": 0.026856932310271735,
    "loss_uv": 0.003589195465684821,
    "psnr_y": 28.270752055496818,
    "psnr_uv": 45.88330327050161,
    "ssim_y": null,
    "ssim_uv": null,
    "loss_rgb": 0.02775781321744461,
    "psnr_rgb": 28.056294899202335,
    "ssim_rgb": null
  },
  "val": null,
  "validation_ran": false,
  "best_psnr": 27.82451253467136,
  "latest_checkpoint": "outputs\\frequency_domain_low_frequency_fusion_v2_rgb_objective_bs4_vb1_nw6\\latest.pt"
}
{
  "epoch": 35,
  "train": {
    "epoch": 35,
    "loss": 0.02779043408237019,
    "psnr": 28.0838526763485,
    "ssim": null,
    "lr": 5.004999999999985e-05,
    "y_psnr": 28.309470715495827,
    "uv420_psnr": 45.83318214632023,
    "loss_y": 0.026879497188127648,
    "loss_uv": 0.003605710875274519,
    "psnr_y": 28.309470715495827,
    "psnr_uv": 45.83318214632023,
    "ssim_y": null,
    "ssim_uv": null,
    "loss_rgb": 0.02779043408237019,
    "psnr_rgb": 28.0838526763485,
    "ssim_rgb": null
  },
  "val": null,
  "validation_ran": false,
  "best_psnr": 27.82451253467136,
  "latest_checkpoint": "outputs\\frequency_domain_low_frequency_fusion_v2_rgb_objective_bs4_vb1_nw6\\latest.pt"
}
{
  "epoch": 36,
  "train": {
    "epoch": 36,
    "loss": 0.02772901651296912,
    "psnr": 28.005731916697012,
    "ssim": null,
    "lr": 4.780900172399173e-05,
    "y_psnr": 28.216325776051665,
    "uv420_psnr": 45.8753293894105,
    "loss_y": 0.026837651770414604,
    "loss_uv": 0.0035775537555905765,
    "psnr_y": 28.216325776051665,
    "psnr_uv": 45.8753293894105,
    "ssim_y": null,
    "ssim_uv": null,
    "loss_rgb": 0.02772901651296912,
    "psnr_rgb": 28.005731916697012,
    "ssim_rgb": null
  },
  "val": null,
  "validation_ran": false,
  "best_psnr": 27.82451253467136,
  "latest_checkpoint": "outputs\\frequency_domain_low_frequency_fusion_v2_rgb_objective_bs4_vb1_nw6\\latest.pt"
}
{
  "epoch": 37,
  "train": {
    "epoch": 37,
    "loss": 0.027730462557010057,
    "psnr": 28.055276385808394,
    "ssim": null,
    "lr": 4.557251652027338e-05,
    "y_psnr": 28.275409337490967,
    "uv420_psnr": 45.760072481834285,
    "loss_y": 0.02680353149982159,
    "loss_uv": 0.0036461946970814743,
    "psnr_y": 28.275409337490967,
    "psnr_uv": 45.760072481834285,
    "ssim_y": null,
    "ssim_uv": null,
    "loss_rgb": 0.027730462557010057,
    "psnr_rgb": 28.055276385808394,
    "ssim_rgb": null
  },
  "val": null,
  "validation_ran": false,
  "best_psnr": 27.82451253467136,
  "latest_checkpoint": "outputs\\frequency_domain_low_frequency_fusion_v2_rgb_objective_bs4_vb1_nw6\\latest.pt"
}
{
  "epoch": 38,
  "train": {
    "epoch": 38,
    "loss": 0.027780178936966562,
    "psnr": 28.0009807543566,
    "ssim": null,
    "lr": 4.3345048372408e-05,
    "y_psnr": 28.224998193945588,
    "uv420_psnr": 45.76490519679872,
    "loss_y": 0.026865438221411853,
    "loss_uv": 0.003632180483835502,
    "psnr_y": 28.224998193945588,
    "psnr_uv": 45.76490519679872,
    "ssim_y": null,
    "ssim_uv": null,
    "loss_rgb": 0.027780178936966562,
    "psnr_rgb": 28.0009807543566,
    "ssim_rgb": null
  },
  "val": null,
  "validation_ran": false,
  "best_psnr": 27.82451253467136,
  "latest_checkpoint": "outputs\\frequency_domain_low_frequency_fusion_v2_rgb_objective_bs4_vb1_nw6\\latest.pt"
}
{
  "epoch": 39,
  "train": {
    "epoch": 39,
    "loss": 0.027438401284043568,
    "psnr": 28.148032948122186,
    "ssim": null,
    "lr": 4.1131083104807984e-05,
    "y_psnr": 28.377550981812558,
    "uv420_psnr": 45.824332037888006,
    "loss_y": 0.026519286027967423,
    "loss_uv": 0.0036074980484363806,
    "psnr_y": 28.377550981812558,
    "psnr_uv": 45.824332037888006,
    "ssim_y": null,
    "ssim_uv": null,
    "loss_rgb": 0.027438401284043568,
    "psnr_rgb": 28.148032948122186,
    "ssim_rgb": null
  },
  "val": null,
  "validation_ran": false,
  "best_psnr": 27.82451253467136,
  "latest_checkpoint": "outputs\\frequency_domain_low_frequency_fusion_v2_rgb_objective_bs4_vb1_nw6\\latest.pt"
}
{
  "epoch": 40,
  "train": {
    "epoch": 40,
    "loss": 0.027500649893098632,
    "psnr": 28.13908103899767,
    "ssim": null,
    "lr": 3.8935079348881983e-05,
    "y_psnr": 28.36254471708826,
    "uv420_psnr": 45.77631809213067,
    "loss_y": 0.026593734226110628,
    "loss_uv": 0.003624633574821476,
    "psnr_y": 28.36254471708826,
    "psnr_uv": 45.77631809213067,
    "ssim_y": null,
    "ssim_uv": null,
    "loss_rgb": 0.027500649893098632,
    "psnr_rgb": 28.13908103899767,
    "ssim_rgb": null
  },
  "val": {
    "epoch": 40,
    "loss": 0.025343936221260164,
    "psnr": 27.877514150407578,
    "ssim": null,
    "lr": 0.0,
    "y_psnr": 27.992000357309976,
    "uv420_psnr": 46.85721734364827,
    "loss_y": 0.024697933340859082,
    "loss_uv": 0.0028882482742321573,
    "psnr_y": 27.992000357309976,
    "psnr_uv": 46.85721734364827,
    "ssim_y": null,
    "ssim_uv": null,
    "loss_rgb": 0.025343936221260164,
    "psnr_rgb": 27.877514150407578,
    "ssim_rgb": null
  },
  "validation_ran": true,
  "best_psnr": 27.877514150407578,
  "latest_checkpoint": "outputs\\frequency_domain_low_frequency_fusion_v2_rgb_objective_bs4_vb1_nw6\\latest.pt"
}
{
  "epoch": 41,
  "train": {
    "epoch": 41,
    "loss": 0.027707291582841322,
    "psnr": 28.01990710005248,
    "ssim": null,
    "lr": 3.67614595639445e-05,
    "y_psnr": 28.23976751101219,
    "uv420_psnr": 45.766583178676456,
    "loss_y": 0.026793747808847388,
    "loss_uv": 0.0036274593979209705,
    "psnr_y": 28.23976751101219,
    "psnr_uv": 45.766583178676456,
    "ssim_y": null,
    "ssim_uv": null,
    "loss_rgb": 0.027707291582841322,
    "psnr_rgb": 28.01990710005248,
    "ssim_rgb": null
  },
  "val": null,
  "validation_ran": false,
  "best_psnr": 27.877514150407578,
  "latest_checkpoint": "outputs\\frequency_domain_low_frequency_fusion_v2_rgb_objective_bs4_vb1_nw6\\latest.pt"
}
{
  "epoch": 42,
  "train": {
    "epoch": 42,
    "loss": 0.027606150398483385,
    "psnr": 28.05273062495862,
    "ssim": null,
    "lr": 3.461460113097121e-05,
    "y_psnr": 28.276422845441743,
    "uv420_psnr": 45.67262009442863,
    "loss_y": 0.02668073669202247,
    "loss_uv": 0.0036515605377459553,
    "psnr_y": 28.276422845441743,
    "psnr_uv": 45.67262009442863,
    "ssim_y": null,
    "ssim_uv": null,
    "loss_rgb": 0.027606150398483385,
    "psnr_rgb": 28.05273062495862,
    "ssim_rgb": null
  },
  "val": null,
  "validation_ran": false,
  "best_psnr": 27.877514150407578,
  "latest_checkpoint": "outputs\\frequency_domain_low_frequency_fusion_v2_rgb_objective_bs4_vb1_nw6\\latest.pt"
}
{
  "epoch": 43,
  "train": {
    "epoch": 43,
    "loss": 0.027685728495003982,
    "psnr": 28.05843635602186,
    "ssim": null,
    "lr": 3.249882753713679e-05,
    "y_psnr": 28.280011128571076,
    "uv420_psnr": 45.8206122662388,
    "loss_y": 0.026783262489963384,
    "loss_uv": 0.003589765863272093,
    "psnr_y": 28.280011128571076,
    "psnr_uv": 45.8206122662388,
    "ssim_y": null,
    "ssim_uv": null,
    "loss_rgb": 0.027685728495003982,
    "psnr_rgb": 28.05843635602186,
    "ssim_rgb": null
  },
  "val": null,
  "validation_ran": false,
  "best_psnr": 27.877514150407578,
  "latest_checkpoint": "outputs\\frequency_domain_low_frequency_fusion_v2_rgb_objective_bs4_vb1_nw6\\latest.pt"
}
{
  "epoch": 44,
  "train": {
    "epoch": 44,
    "loss": 0.02714587042455451,
    "psnr": 28.237994134762868,
    "ssim": null,
    "lr": 3.041839966888644e-05,
    "y_psnr": 28.46564191613494,
    "uv420_psnr": 45.90172121080302,
    "loss_y": 0.02624429222512043,
    "loss_uv": 0.003571456682336869,
    "psnr_y": 28.46564191613494,
    "psnr_uv": 45.90172121080302,
    "ssim_y": null,
    "ssim_uv": null,
    "loss_rgb": 0.02714587042455451,
    "psnr_rgb": 28.237994134762868,
    "ssim_rgb": null
  },
  "val": null,
  "validation_ran": false,
  "best_psnr": 27.877514150407578,
  "latest_checkpoint": "outputs\\frequency_domain_low_frequency_fusion_v2_rgb_objective_bs4_vb1_nw6\\latest.pt"
}
{
  "epoch": 45,
  "train": {
    "epoch": 45,
    "loss": 0.02755084676973227,
    "psnr": 28.09423265079994,
    "ssim": null,
    "lr": 2.837750723107791e-05,
    "y_psnr": 28.310162522698526,
    "uv420_psnr": 45.82345610149836,
    "loss_y": 0.026652427463881714,
    "loss_uv": 0.0035822676457885633,
    "psnr_y": 28.310162522698526,
    "psnr_uv": 45.82345610149836,
    "ssim_y": null,
    "ssim_uv": null,
    "loss_rgb": 0.02755084676973227,
    "psnr_rgb": 28.09423265079994,
    "ssim_rgb": null
  },
  "val": null,
  "validation_ran": false,
  "best_psnr": 27.877514150407578,
  "latest_checkpoint": "outputs\\frequency_domain_low_frequency_fusion_v2_rgb_objective_bs4_vb1_nw6\\latest.pt"
}
{
  "epoch": 46,
  "train": {
    "epoch": 46,
    "loss": 0.027316153425681222,
    "psnr": 28.10288914718197,
    "ssim": null,
    "lr": 2.638026030947364e-05,
    "y_psnr": 28.321225004681086,
    "uv420_psnr": 45.84215218064475,
    "loss_y": 0.026403146434185953,
    "loss_uv": 0.0035946296700960457,
    "psnr_y": 28.321225004681086,
    "psnr_uv": 45.84215218064475,
    "ssim_y": null,
    "ssim_uv": null,
    "loss_rgb": 0.027316153425681222,
    "psnr_rgb": 28.10288914718197,
    "ssim_rgb": null
  },
  "val": null,
  "validation_ran": false,
  "best_psnr": 27.877514150407578,
  "latest_checkpoint": "outputs\\frequency_domain_low_frequency_fusion_v2_rgb_objective_bs4_vb1_nw6\\latest.pt"
}
{
  "epoch": 47,
  "train": {
    "epoch": 47,
    "loss": 0.02810379287812038,
    "psnr": 27.913212399024747,
    "ssim": null,
    "lr": 2.443068109357491e-05,
    "y_psnr": 28.132916100281108,
    "uv420_psnr": 45.65428991371629,
    "loss_y": 0.02718877024543445,
    "loss_uv": 0.0036657102557956793,
    "psnr_y": 28.132916100281108,
    "psnr_uv": 45.65428991371629,
    "ssim_y": null,
    "ssim_uv": null,
    "loss_rgb": 0.02810379287812038,
    "psnr_rgb": 27.913212399024747,
    "ssim_rgb": null
  },
  "val": null,
  "validation_ran": false,
  "best_psnr": 27.877514150407578,
  "latest_checkpoint": "outputs\\frequency_domain_low_frequency_fusion_v2_rgb_objective_bs4_vb1_nw6\\latest.pt"
}
{
  "epoch": 48,
  "train": {
    "epoch": 48,
    "loss": 0.027683273228779857,
    "psnr": 28.03950508031468,
    "ssim": null,
    "lr": 2.253269577646743e-05,
    "y_psnr": 28.26122783941064,
    "uv420_psnr": 45.693455248902744,
    "loss_y": 0.02676156600200608,
    "loss_uv": 0.0036651920533796907,
    "psnr_y": 28.26122783941064,
    "psnr_uv": 45.693455248902744,
    "ssim_y": null,
    "ssim_uv": null,
    "loss_rgb": 0.027683273228779857,
    "psnr_rgb": 28.03950508031468,
    "ssim_rgb": null
  },
  "val": null,
  "validation_ran": false,
  "best_psnr": 27.877514150407578,
  "latest_checkpoint": "outputs\\frequency_domain_low_frequency_fusion_v2_rgb_objective_bs4_vb1_nw6\\latest.pt"
}
{
  "epoch": 49,
  "train": {
    "epoch": 49,
    "loss": 0.027261267763452005,
    "psnr": 28.201914889664298,
    "ssim": null,
    "lr": 2.06901266479909e-05,
    "y_psnr": 28.423214923190532,
    "uv420_psnr": 45.914009891660875,
    "loss_y": 0.026350675250724546,
    "loss_uv": 0.0035736157231974694,
    "psnr_y": 28.423214923190532,
    "psnr_uv": 45.914009891660875,
    "ssim_y": null,
    "ssim_uv": null,
    "loss_rgb": 0.027261267763452005,
    "psnr_rgb": 28.201914889664298,
    "ssim_rgb": null
  },
  "val": null,
  "validation_ran": false,
  "best_psnr": 27.877514150407578,
  "latest_checkpoint": "outputs\\frequency_domain_low_frequency_fusion_v2_rgb_objective_bs4_vb1_nw6\\latest.pt"
}
{
  "epoch": 50,
  "train": {
    "epoch": 50,
    "loss": 0.027468240651496723,
    "psnr": 28.08801659082962,
    "ssim": null,
    "lr": 1.8906684397156198e-05,
    "y_psnr": 28.2996394539957,
    "uv420_psnr": 45.89992287199376,
    "loss_y": 0.02657892300857831,
    "loss_uv": 0.003563734733020771,
    "psnr_y": 28.2996394539957,
    "psnr_uv": 45.89992287199376,
    "ssim_y": null,
    "ssim_uv": null,
    "loss_rgb": 0.027468240651496723,
    "psnr_rgb": 28.08801659082962,
    "ssim_rgb": null
  },
  "val": {
    "epoch": 50,
    "loss": 0.02528430741901199,
    "psnr": 27.89100506040785,
    "ssim": null,
    "lr": 0.0,
    "y_psnr": 28.004632430606417,
    "uv420_psnr": 46.84833388858371,
    "loss_y": 0.024642917725981938,
    "loss_uv": 0.0028933230134296334,
    "psnr_y": 28.004632430606417,
    "psnr_uv": 46.84833388858371,
    "ssim_y": null,
    "ssim_uv": null,
    "loss_rgb": 0.02528430741901199,
    "psnr_rgb": 27.89100506040785,
    "ssim_rgb": null
  },
  "validation_ran": true,
  "best_psnr": 27.89100506040785,
  "latest_checkpoint": "outputs\\frequency_domain_low_frequency_fusion_v2_rgb_objective_bs4_vb1_nw6\\latest.pt"
}
{
  "epoch": 51,
  "train": {
    "epoch": 51,
    "loss": 0.02771791645278365,
    "psnr": 28.015941140341894,
    "ssim": null,
    "lr": 1.718596063931129e-05,
    "y_psnr": 28.22775551424188,
    "uv420_psnr": 45.870335659738316,
    "loss_y": 0.02683023681422159,
    "loss_uv": 0.0035954959355794566,
    "psnr_y": 28.22775551424188,
    "psnr_uv": 45.870335659738316,
    "ssim_y": null,
    "ssim_uv": null,
    "loss_rgb": 0.02771791645278365,
    "psnr_rgb": 28.015941140341894,
    "ssim_rgb": null
  },
  "val": null,
  "validation_ran": false,
  "best_psnr": 27.89100506040785,
  "latest_checkpoint": "outputs\\frequency_domain_low_frequency_fusion_v2_rgb_objective_bs4_vb1_nw6\\latest.pt"
}
{
  "epoch": 52,
  "train": {
    "epoch": 52,
    "loss": 0.027137367907216995,
    "psnr": 28.201786450747043,
    "ssim": null,
    "lr": 1.553142068310607e-05,
    "y_psnr": 28.414923888815323,
    "uv420_psnr": 45.96039491858186,
    "loss_y": 0.026240721250237044,
    "loss_uv": 0.003566321445297513,
    "psnr_y": 28.414923888815323,
    "psnr_uv": 45.96039491858186,
    "ssim_y": null,
    "ssim_uv": null,
    "loss_rgb": 0.027137367907216995,
    "psnr_rgb": 28.201786450747043,
    "ssim_rgb": null
  },
  "val": null,
  "validation_ran": false,
  "best_psnr": 27.89100506040785,
  "latest_checkpoint": "outputs\\frequency_domain_low_frequency_fusion_v2_rgb_objective_bs4_vb1_nw6\\latest.pt"
}
{
  "epoch": 53,
  "train": {
    "epoch": 53,
    "loss": 0.027537405530338066,
    "psnr": 28.068668688757946,
    "ssim": null,
    "lr": 1.3946396551821734e-05,
    "y_psnr": 28.2900607006698,
    "uv420_psnr": 45.81166616536803,
    "loss_y": 0.02662562679152115,
    "loss_uv": 0.0036268831766078954,
    "psnr_y": 28.2900607006698,
    "psnr_uv": 45.81166616536803,
    "ssim_y": null,
    "ssim_uv": null,
    "loss_rgb": 0.027537405530338066,
    "psnr_rgb": 28.068668688757946,
    "ssim_rgb": null
  },
  "val": null,
  "validation_ran": false,
  "best_psnr": 27.89100506040785,
  "latest_checkpoint": "outputs\\frequency_domain_low_frequency_fusion_v2_rgb_objective_bs4_vb1_nw6\\latest.pt"
}
{
  "epoch": 54,
  "train": {
    "epoch": 54,
    "loss": 0.02759549464756823,
    "psnr": 27.973507961984406,
    "ssim": null,
    "lr": 1.2434080273119596e-05,
    "y_psnr": 28.178199520218843,
    "uv420_psnr": 45.80527448923574,
    "loss_y": 0.026704655373521614,
    "loss_uv": 0.0035955503992052317,
    "psnr_y": 28.178199520218843,
    "psnr_uv": 45.80527448923574,
    "ssim_y": null,
    "ssim_uv": null,
    "loss_rgb": 0.02759549464756823,
    "psnr_rgb": 27.973507961984406,
    "ssim_rgb": null
  },
  "val": null,
  "validation_ran": false,
  "best_psnr": 27.89100506040785,
  "latest_checkpoint": "outputs\\frequency_domain_low_frequency_fusion_v2_rgb_objective_bs4_vb1_nw6\\latest.pt"
}
{
  "epoch": 55,
  "train": {
    "epoch": 55,
    "loss": 0.028135034823948045,
    "psnr": 27.929128657626567,
    "ssim": null,
    "lr": 1.0997517450721872e-05,
    "y_psnr": 28.14388660387804,
    "uv420_psnr": 45.770938442251776,
    "loss_y": 0.027239489926835576,
    "loss_uv": 0.00362651720860089,
    "psnr_y": 28.14388660387804,
    "psnr_uv": 45.770938442251776,
    "ssim_y": null,
    "ssim_uv": null,
    "loss_rgb": 0.028135034823948045,
    "psnr_rgb": 27.929128657626567,
    "ssim_rgb": null
  },
  "val": null,
  "validation_ran": false,
  "best_psnr": 27.89100506040785,
  "latest_checkpoint": "outputs\\frequency_domain_low_frequency_fusion_v2_rgb_objective_bs4_vb1_nw6\\latest.pt"
}
{
  "epoch": 56,
  "train": {
    "epoch": 56,
    "loss": 0.027607396605429844,
    "psnr": 28.043272934391002,
    "ssim": null,
    "lr": 9.639601130971354e-06,
    "y_psnr": 28.259739326218426,
    "uv420_psnr": 45.83268805681649,
    "loss_y": 0.026710963929019404,
    "loss_uv": 0.003615098100715964,
    "psnr_y": 28.259739326218426,
    "psnr_uv": 45.83268805681649,
    "ssim_y": null,
    "ssim_uv": null,
    "loss_rgb": 0.027607396605429844,
    "psnr_rgb": 28.043272934391002,
    "ssim_rgb": null
  },
  "val": null,
  "validation_ran": false,
  "best_psnr": 27.89100506040785,
  "latest_checkpoint": "outputs\\frequency_domain_low_frequency_fusion_v2_rgb_objective_bs4_vb1_nw6\\latest.pt"
}
{
  "epoch": 57,
  "train": {
    "epoch": 57,
    "loss": 0.027476669565411442,
    "psnr": 28.095102304792675,
    "ssim": null,
    "lr": 8.363065976620908e-06,
    "y_psnr": 28.297968190942107,
    "uv420_psnr": 45.96082672291556,
    "loss_y": 0.026600301944477073,
    "loss_uv": 0.003550184305920397,
    "psnr_y": 28.297968190942107,
    "psnr_uv": 45.96082672291556,
    "ssim_y": null,
    "ssim_uv": null,
    "loss_rgb": 0.027476669565411442,
    "psnr_rgb": 28.095102304792675,
    "ssim_rgb": null
  },
  "val": null,
  "validation_ran": false,
  "best_psnr": 27.89100506040785,
  "latest_checkpoint": "outputs\\frequency_domain_low_frequency_fusion_v2_rgb_objective_bs4_vb1_nw6\\latest.pt"
}
{
  "epoch": 58,
  "train": {
    "epoch": 58,
    "loss": 0.027477033473130335,
    "psnr": 28.071860712126824,
    "ssim": null,
    "lr": 7.17048275958678e-06,
    "y_psnr": 28.284483704863295,
    "uv420_psnr": 45.96764363003316,
    "loss_y": 0.026598672948167316,
    "loss_uv": 0.0035445708416449694,
    "psnr_y": 28.284483704863295,
    "psnr_uv": 45.96764363003316,
    "ssim_y": null,
    "ssim_uv": null,
    "loss_rgb": 0.027477033473130335,
    "psnr_rgb": 28.071860712126824,
    "ssim_rgb": null
  },
  "val": null,
  "validation_ran": false,
  "best_psnr": 27.89100506040785,
  "latest_checkpoint": "outputs\\frequency_domain_low_frequency_fusion_v2_rgb_objective_bs4_vb1_nw6\\latest.pt"
}
{
  "epoch": 59,
  "train": {
    "epoch": 59,
    "loss": 0.02736193864043318,
    "psnr": 28.10300129281599,
    "ssim": null,
    "lr": 6.064253183755931e-06,
    "y_psnr": 28.316977603287345,
    "uv420_psnr": 45.92924788308009,
    "loss_y": 0.02647260688560999,
    "loss_uv": 0.0035514529658965555,
    "psnr_y": 28.316977603287345,
    "psnr_uv": 45.92924788308009,
    "ssim_y": null,
    "ssim_uv": null,
    "loss_rgb": 0.02736193864043318,
    "psnr_rgb": 28.10300129281599,
    "ssim_rgb": null
  },
  "val": null,
  "validation_ran": false,
  "best_psnr": 27.89100506040785,
  "latest_checkpoint": "outputs\\frequency_domain_low_frequency_fusion_v2_rgb_objective_bs4_vb1_nw6\\latest.pt"
}
{
  "epoch": 60,
  "train": {
    "epoch": 60,
    "loss": 0.027791292006728675,
    "psnr": 27.962732702998792,
    "ssim": null,
    "lr": 5.046605048274164e-06,
    "y_psnr": 28.179425843017924,
    "uv420_psnr": 45.825995235119834,
    "loss_y": 0.026894817693095843,
    "loss_uv": 0.003596708594852964,
    "psnr_y": 28.179425843017924,
    "psnr_uv": 45.825995235119834,
    "ssim_y": null,
    "ssim_uv": null,
    "loss_rgb": 0.027791292006728675,
    "psnr_rgb": 27.962732702998792,
    "ssim_rgb": null
  },
  "val": {
    "epoch": 60,
    "loss": 0.025242251514767607,
    "psnr": 27.90350866317749,
    "ssim": null,
    "lr": 0.0,
    "y_psnr": 28.01783669789632,
    "uv420_psnr": 46.866402583652075,
    "loss_y": 0.024598608228067555,
    "loss_uv": 0.0028838815186948826,
    "psnr_y": 28.01783669789632,
    "psnr_uv": 46.866402583652075,
    "ssim_y": null,
    "ssim_uv": null,
    "loss_rgb": 0.025242251514767607,
    "psnr_rgb": 27.90350866317749,
    "ssim_rgb": null
  },
  "validation_ran": true,
  "best_psnr": 27.90350866317749,
  "latest_checkpoint": "outputs\\frequency_domain_low_frequency_fusion_v2_rgb_objective_bs4_vb1_nw6\\latest.pt"
}
{
  "epoch": 61,
  "train": {
    "epoch": 61,
    "loss": 0.02705629783719357,
    "psnr": 28.174480718407928,
    "ssim": null,
    "lr": 4.1195877610550515e-06,
    "y_psnr": 28.39706846549686,
    "uv420_psnr": 45.96489950492557,
    "loss_y": 0.026166540291686517,
    "loss_uv": 0.0035276714884044636,
    "psnr_y": 28.39706846549686,
    "psnr_uv": 45.96489950492557,
    "ssim_y": null,
    "ssim_uv": null,
    "loss_rgb": 0.02705629783719357,
    "psnr_rgb": 28.174480718407928,
    "ssim_rgb": null
  },
  "val": null,
  "validation_ran": false,
  "best_psnr": 27.90350866317749,
  "latest_checkpoint": "outputs\\frequency_domain_low_frequency_fusion_v2_rgb_objective_bs4_vb1_nw6\\latest.pt"
}
{
  "epoch": 62,
  "train": {
    "epoch": 62,
    "loss": 0.027744525246385297,
    "psnr": 28.035232802568856,
    "ssim": null,
    "lr": 3.285068211545139e-06,
    "y_psnr": 28.25122822475972,
    "uv420_psnr": 45.785663346112784,
    "loss_y": 0.026845449179221513,
    "loss_uv": 0.0036142890892086267,
    "psnr_y": 28.25122822475972,
    "psnr_uv": 45.785663346112784,
    "ssim_y": null,
    "ssim_uv": null,
    "loss_rgb": 0.027744525246385297,
    "psnr_rgb": 28.035232802568856,
    "ssim_rgb": null
  },
  "val": null,
  "validation_ran": false,
  "best_psnr": 27.90350866317749,
  "latest_checkpoint": "outputs\\frequency_domain_low_frequency_fusion_v2_rgb_objective_bs4_vb1_nw6\\latest.pt"
}
{
  "epoch": 63,
  "train": {
    "epoch": 63,
    "loss": 0.02771380662623435,
    "psnr": 28.057654321530446,
    "ssim": null,
    "lr": 2.5447270110570894e-06,
    "y_psnr": 28.276221172957772,
    "uv420_psnr": 45.87217880507647,
    "loss_y": 0.02682294327460524,
    "loss_uv": 0.003590170642634654,
    "psnr_y": 28.276221172957772,
    "psnr_uv": 45.87217880507647,
    "ssim_y": null,
    "ssim_uv": null,
    "loss_rgb": 0.02771380662623435,
    "psnr_rgb": 28.057654321530446,
    "ssim_rgb": null
  },
  "val": null,
  "validation_ran": false,
  "best_psnr": 27.90350866317749,
  "latest_checkpoint": "outputs\\frequency_domain_low_frequency_fusion_v2_rgb_objective_bs4_vb1_nw6\\latest.pt"
}
{
  "epoch": 64,
  "train": {
    "epoch": 64,
    "loss": 0.027468566346050657,
    "psnr": 28.090429618533722,
    "ssim": null,
    "lr": 1.900055108242138e-06,
    "y_psnr": 28.319446693032475,
    "uv420_psnr": 45.783548689157946,
    "loss_y": 0.026545156690549885,
    "loss_uv": 0.0036179047642870264,
    "psnr_y": 28.319446693032475,
    "psnr_uv": 45.783548689157946,
    "ssim_y": null,
    "ssim_uv": null,
    "loss_rgb": 0.027468566346050657,
    "psnr_rgb": 28.090429618533722,
    "ssim_rgb": null
  },
  "val": null,
  "validation_ran": false,
  "best_psnr": 27.90350866317749,
  "latest_checkpoint": "outputs\\frequency_domain_low_frequency_fusion_v2_rgb_objective_bs4_vb1_nw6\\latest.pt"
}
{
  "epoch": 65,
  "train": {
    "epoch": 65,
    "loss": 0.027470126745454168,
    "psnr": 28.13429873407224,
    "ssim": null,
    "lr": 1.3523507865179509e-06,
    "y_psnr": 28.355124893835036,
    "uv420_psnr": 45.89558092753092,
    "loss_y": 0.0265708204995483,
    "loss_uv": 0.0035635860055411436,
    "psnr_y": 28.355124893835036,
    "psnr_uv": 45.89558092753092,
    "ssim_y": null,
    "ssim_uv": null,
    "loss_rgb": 0.027470126745454168,
    "psnr_rgb": 28.13429873407224,
    "ssim_rgb": null
  },
  "val": null,
  "validation_ran": false,
  "best_psnr": 27.90350866317749,
  "latest_checkpoint": "outputs\\frequency_domain_low_frequency_fusion_v2_rgb_objective_bs4_vb1_nw6\\latest.pt"
}
{
  "epoch": 66,
  "train": {
    "epoch": 66,
    "loss": 0.027208625699398713,
    "psnr": 28.204488533364852,
    "ssim": null,
    "lr": 9.027170494984913e-07,
    "y_psnr": 28.42743154299461,
    "uv420_psnr": 46.02911443764207,
    "loss_y": 0.026316354527417044,
    "loss_uv": 0.0035513649927452207,
    "psnr_y": 28.42743154299461,
    "psnr_uv": 46.02911443764207,
    "ssim_y": null,
    "ssim_uv": null,
    "loss_rgb": 0.027208625699398713,
    "psnr_rgb": 28.204488533364852,
    "ssim_rgb": null
  },
  "val": null,
  "validation_ran": false,
  "best_psnr": 27.90350866317749,
  "latest_checkpoint": "outputs\\frequency_domain_low_frequency_fusion_v2_rgb_objective_bs4_vb1_nw6\\latest.pt"
}
{
  "epoch": 67,
  "train": {
    "epoch": 67,
    "loss": 0.027584929277036485,
    "psnr": 28.060286301004012,
    "ssim": null,
    "lr": 5.520593996916862e-07,
    "y_psnr": 28.288131175068138,
    "uv420_psnr": 45.79937260299079,
    "loss_y": 0.026680721746136744,
    "loss_uv": 0.0036045557906125058,
    "psnr_y": 28.288131175068138,
    "psnr_uv": 45.79937260299079,
    "ssim_y": null,
    "ssim_uv": null,
    "loss_rgb": 0.027584929277036485,
    "psnr_rgb": 28.060286301004012,
    "ssim_rgb": null
  },
  "val": null,
  "validation_ran": false,
  "best_psnr": 27.90350866317749,
  "latest_checkpoint": "outputs\\frequency_domain_low_frequency_fusion_v2_rgb_objective_bs4_vb1_nw6\\latest.pt"
}
{
  "epoch": 68,
  "train": {
    "epoch": 68,
    "loss": 0.02785625724164022,
    "psnr": 28.02314645152981,
    "ssim": null,
    "lr": 3.010840149378249e-07,
    "y_psnr": 28.241868703378795,
    "uv420_psnr": 45.803380093332066,
    "loss_y": 0.02693994883132183,
    "loss_uv": 0.0036427727190114683,
    "psnr_y": 28.241868703378795,
    "psnr_uv": 45.803380093332066,
    "ssim_y": null,
    "ssim_uv": null,
    "loss_rgb": 0.02785625724164022,
    "psnr_rgb": 28.02314645152981,
    "ssim_rgb": null
  },
  "val": null,
  "validation_ran": false,
  "best_psnr": 27.90350866317749,
  "latest_checkpoint": "outputs\\frequency_domain_low_frequency_fusion_v2_rgb_objective_bs4_vb1_nw6\\latest.pt"
}
{
  "epoch": 69,
  "train": {
    "epoch": 69,
    "loss": 0.027820858893926534,
    "psnr": 28.026490825717733,
    "ssim": null,
    "lr": 1.5029632626133902e-07,
    "y_psnr": 28.24286951183599,
    "uv420_psnr": 45.86711845828989,
    "loss_y": 0.02692763919621117,
    "loss_uv": 0.003611541882625618,
    "psnr_y": 28.24286951183599,
    "psnr_uv": 45.86711845828989,
    "ssim_y": null,
    "ssim_uv": null,
    "loss_rgb": 0.027820858893926534,
    "psnr_rgb": 28.026490825717733,
    "ssim_rgb": null
  },
  "val": null,
  "validation_ran": false,
  "best_psnr": 27.90350866317749,
  "latest_checkpoint": "outputs\\frequency_domain_low_frequency_fusion_v2_rgb_objective_bs4_vb1_nw6\\latest.pt"
}
{
  "epoch": 70,
  "train": {
    "epoch": 70,
    "loss": 0.027457549144634923,
    "psnr": 28.156698814219673,
    "ssim": null,
    "lr": 1e-07,
    "y_psnr": 28.380425895001256,
    "uv420_psnr": 45.83915768639516,
    "loss_y": 0.02654383444137829,
    "loss_uv": 0.0036180617362076657,
    "psnr_y": 28.380425895001256,
    "psnr_uv": 45.83915768639516,
    "ssim_y": null,
    "ssim_uv": null,
    "loss_rgb": 0.027457549144634923,
    "psnr_rgb": 28.156698814219673,
    "ssim_rgb": null
  },
  "val": {
    "epoch": 70,
    "loss": 0.025231126411300566,
    "psnr": 27.90826416015625,
    "ssim": null,
    "lr": 0.0,
    "y_psnr": 28.022433683607314,
    "uv420_psnr": 46.89422991010878,
    "loss_y": 0.024588606770460805,
    "loss_uv": 0.0028743540965175877,
    "psnr_y": 28.022433683607314,
    "psnr_uv": 46.89422991010878,
    "ssim_y": null,
    "ssim_uv": null,
    "loss_rgb": 0.025231126411300566,
    "psnr_rgb": 27.90826416015625,
    "ssim_rgb": null
  },
  "validation_ran": true,
  "best_psnr": 27.90826416015625,
  "latest_checkpoint": "outputs\\frequency_domain_low_frequency_fusion_v2_rgb_objective_bs4_vb1_nw6\\latest.pt"
}
